{"total": {"lines":{"total":1683,"covered":624,"skipped":0,"pct":37.08},"statements":{"total":8102,"covered":760,"skipped":0,"pct":9.38},"functions":{"total":719,"covered":167,"skipped":0,"pct":23.23},"branches":{"total":12839,"covered":204,"skipped":0,"pct":1.59}}
,"F:\\Git\\lewachUI\\src\\index.js": {"lines":{"total":2,"covered":2,"skipped":0,"pct":100},"functions":{"total":0,"covered":0,"skipped":0,"pct":100},"statements":{"total":2,"covered":2,"skipped":0,"pct":100},"branches":{"total":0,"covered":0,"skipped":0,"pct":100}}
,"F:\\Git\\lewachUI\\src\\serviceWorker.js": {"lines":{"total":38,"covered":3,"skipped":0,"pct":7.89},"functions":{"total":15,"covered":1,"skipped":0,"pct":6.67},"statements":{"total":38,"covered":3,"skipped":0,"pct":7.89},"branches":{"total":32,"covered":2,"skipped":0,"pct":6.25}}
,"F:\\Git\\lewachUI\\src\\components\\App\\index.js": {"lines":{"total":2,"covered":2,"skipped":0,"pct":100},"functions":{"total":1,"covered":1,"skipped":0,"pct":100},"statements":{"total":2,"covered":2,"skipped":0,"pct":100},"branches":{"total":2,"covered":2,"skipped":0,"pct":100}}
,"F:\\Git\\lewachUI\\src\\components\\Chart\\Line\\index.js": {"lines":{"total":75,"covered":1,"skipped":0,"pct":1.33},"functions":{"total":20,"covered":0,"skipped":0,"pct":0},"statements":{"total":75,"covered":1,"skipped":0,"pct":1.33},"branches":{"total":15,"covered":0,"skipped":0,"pct":0}}
,"F:\\Git\\lewachUI\\src\\components\\Flaggeditem\\index.js": {"lines":{"total":17,"covered":11,"skipped":0,"pct":64.71},"functions":{"total":11,"covered":5,"skipped":0,"pct":45.45},"statements":{"total":18,"covered":11,"skipped":0,"pct":61.11},"branches":{"total":4,"covered":2,"skipped":0,"pct":50}}
,"F:\\Git\\lewachUI\\src\\components\\Flaggeditem\\FlaggedItemCard\\index.js": {"lines":{"total":45,"covered":1,"skipped":0,"pct":2.22},"functions":{"total":13,"covered":0,"skipped":0,"pct":0},"statements":{"total":45,"covered":1,"skipped":0,"pct":2.22},"branches":{"total":20,"covered":0,"skipped":0,"pct":0}}
,"F:\\Git\\lewachUI\\src\\components\\Membership\\index.js": {"lines":{"total":19,"covered":12,"skipped":0,"pct":63.16},"functions":{"total":12,"covered":5,"skipped":0,"pct":41.67},"statements":{"total":20,"covered":12,"skipped":0,"pct":60},"branches":{"total":4,"covered":2,"skipped":0,"pct":50}}
,"F:\\Git\\lewachUI\\src\\components\\Membership\\UserCard\\index.js": {"lines":{"total":27,"covered":0,"skipped":0,"pct":0},"functions":{"total":11,"covered":0,"skipped":0,"pct":0},"statements":{"total":27,"covered":0,"skipped":0,"pct":0},"branches":{"total":8,"covered":0,"skipped":0,"pct":0}}
,"F:\\Git\\lewachUI\\src\\components\\Navigation\\index.js": {"lines":{"total":2,"covered":2,"skipped":0,"pct":100},"functions":{"total":1,"covered":1,"skipped":0,"pct":100},"statements":{"total":2,"covered":2,"skipped":0,"pct":100},"branches":{"total":0,"covered":0,"skipped":0,"pct":100}}
,"F:\\Git\\lewachUI\\src\\components\\Report\\index.js": {"lines":{"total":2,"covered":2,"skipped":0,"pct":100},"functions":{"total":1,"covered":1,"skipped":0,"pct":100},"statements":{"total":2,"covered":2,"skipped":0,"pct":100},"branches":{"total":0,"covered":0,"skipped":0,"pct":100}}
,"F:\\Git\\lewachUI\\src\\components\\Report\\CardReport\\index.js": {"lines":{"total":2,"covered":2,"skipped":0,"pct":100},"functions":{"total":1,"covered":1,"skipped":0,"pct":100},"statements":{"total":2,"covered":2,"skipped":0,"pct":100},"branches":{"total":0,"covered":0,"skipped":0,"pct":100}}
,"F:\\Git\\lewachUI\\src\\components\\Report\\ItemReport\\index.js": {"lines":{"total":42,"covered":40,"skipped":0,"pct":95.24},"functions":{"total":12,"covered":12,"skipped":0,"pct":100},"statements":{"total":42,"covered":40,"skipped":0,"pct":95.24},"branches":{"total":14,"covered":10,"skipped":0,"pct":71.43}}
,"F:\\Git\\lewachUI\\src\\components\\Report\\ServiceReport\\index.js": {"lines":{"total":41,"covered":40,"skipped":0,"pct":97.56},"functions":{"total":12,"covered":12,"skipped":0,"pct":100},"statements":{"total":41,"covered":40,"skipped":0,"pct":97.56},"branches":{"total":14,"covered":10,"skipped":0,"pct":71.43}}
,"F:\\Git\\lewachUI\\src\\components\\Report\\UserReport\\index.js": {"lines":{"total":27,"covered":26,"skipped":0,"pct":96.3},"functions":{"total":9,"covered":9,"skipped":0,"pct":100},"statements":{"total":27,"covered":26,"skipped":0,"pct":96.3},"branches":{"total":8,"covered":5,"skipped":0,"pct":62.5}}
,"F:\\Git\\lewachUI\\src\\components\\Sidebar\\index.js": {"lines":{"total":5,"covered":4,"skipped":0,"pct":80},"functions":{"total":2,"covered":1,"skipped":0,"pct":50},"statements":{"total":5,"covered":4,"skipped":0,"pct":80},"branches":{"total":4,"covered":1,"skipped":0,"pct":25}}
,"F:\\Git\\lewachUI\\src\\components\\SignIn\\index.js": {"lines":{"total":30,"covered":25,"skipped":0,"pct":83.33},"functions":{"total":8,"covered":7,"skipped":0,"pct":87.5},"statements":{"total":30,"covered":25,"skipped":0,"pct":83.33},"branches":{"total":10,"covered":4,"skipped":0,"pct":40}}
,"F:\\Git\\lewachUI\\src\\components\\SignOut\\index.js": {"lines":{"total":9,"covered":0,"skipped":0,"pct":0},"functions":{"total":4,"covered":0,"skipped":0,"pct":0},"statements":{"total":9,"covered":0,"skipped":0,"pct":0},"branches":{"total":0,"covered":0,"skipped":0,"pct":100}}
,"F:\\Git\\lewachUI\\src\\components\\Statistics\\index.js": {"lines":{"total":64,"covered":0,"skipped":0,"pct":0},"functions":{"total":18,"covered":0,"skipped":0,"pct":0},"statements":{"total":64,"covered":0,"skipped":0,"pct":0},"branches":{"total":10,"covered":0,"skipped":0,"pct":0}}
,"F:\\Git\\lewachUI\\src\\components\\Statistics\\CardStatistics\\index.js": {"lines":{"total":2,"covered":1,"skipped":0,"pct":50},"functions":{"total":1,"covered":0,"skipped":0,"pct":0},"statements":{"total":2,"covered":1,"skipped":0,"pct":50},"branches":{"total":0,"covered":0,"skipped":0,"pct":100}}
,"F:\\Git\\lewachUI\\src\\components\\Table\\index.js": {"lines":{"total":29,"covered":14,"skipped":0,"pct":48.28},"functions":{"total":15,"covered":7,"skipped":0,"pct":46.67},"statements":{"total":32,"covered":16,"skipped":0,"pct":50},"branches":{"total":32,"covered":7,"skipped":0,"pct":21.88}}
,"F:\\Git\\lewachUI\\src\\components\\Utilities\\index.js": {"lines":{"total":2,"covered":2,"skipped":0,"pct":100},"functions":{"total":1,"covered":1,"skipped":0,"pct":100},"statements":{"total":2,"covered":2,"skipped":0,"pct":100},"branches":{"total":0,"covered":0,"skipped":0,"pct":100}}
,"F:\\Git\\lewachUI\\src\\components\\Utilities\\Category\\index.js": {"lines":{"total":24,"covered":20,"skipped":0,"pct":83.33},"functions":{"total":16,"covered":12,"skipped":0,"pct":75},"statements":{"total":26,"covered":21,"skipped":0,"pct":80.77},"branches":{"total":8,"covered":6,"skipped":0,"pct":75}}
,"F:\\Git\\lewachUI\\src\\components\\Utilities\\Category\\CreateCategory\\index.js": {"lines":{"total":57,"covered":33,"skipped":0,"pct":57.89},"functions":{"total":14,"covered":10,"skipped":0,"pct":71.43},"statements":{"total":57,"covered":33,"skipped":0,"pct":57.89},"branches":{"total":46,"covered":21,"skipped":0,"pct":45.65}}
,"F:\\Git\\lewachUI\\src\\components\\Utilities\\Membership\\index.js": {"lines":{"total":25,"covered":21,"skipped":0,"pct":84},"functions":{"total":17,"covered":13,"skipped":0,"pct":76.47},"statements":{"total":27,"covered":22,"skipped":0,"pct":81.48},"branches":{"total":8,"covered":6,"skipped":0,"pct":75}}
,"F:\\Git\\lewachUI\\src\\components\\Utilities\\Membership\\CreateMembership\\index.js": {"lines":{"total":57,"covered":33,"skipped":0,"pct":57.89},"functions":{"total":14,"covered":9,"skipped":0,"pct":64.29},"statements":{"total":57,"covered":33,"skipped":0,"pct":57.89},"branches":{"total":50,"covered":32,"skipped":0,"pct":64}}
,"F:\\Git\\lewachUI\\src\\components\\Utilities\\Reporttype\\index.js": {"lines":{"total":24,"covered":20,"skipped":0,"pct":83.33},"functions":{"total":16,"covered":12,"skipped":0,"pct":75},"statements":{"total":26,"covered":21,"skipped":0,"pct":80.77},"branches":{"total":8,"covered":6,"skipped":0,"pct":75}}
,"F:\\Git\\lewachUI\\src\\components\\Utilities\\Reporttype\\CreateReporttype\\index.js": {"lines":{"total":57,"covered":31,"skipped":0,"pct":54.39},"functions":{"total":14,"covered":9,"skipped":0,"pct":64.29},"statements":{"total":57,"covered":31,"skipped":0,"pct":54.39},"branches":{"total":42,"covered":21,"skipped":0,"pct":50}}
,"F:\\Git\\lewachUI\\src\\components\\Utilities\\Type\\index.js": {"lines":{"total":24,"covered":20,"skipped":0,"pct":83.33},"functions":{"total":16,"covered":12,"skipped":0,"pct":75},"statements":{"total":26,"covered":21,"skipped":0,"pct":80.77},"branches":{"total":8,"covered":6,"skipped":0,"pct":75}}
,"F:\\Git\\lewachUI\\src\\components\\Utilities\\Type\\CreateType\\index.js": {"lines":{"total":65,"covered":40,"skipped":0,"pct":61.54},"functions":{"total":18,"covered":13,"skipped":0,"pct":72.22},"statements":{"total":65,"covered":40,"skipped":0,"pct":61.54},"branches":{"total":42,"covered":21,"skipped":0,"pct":50}}
,"F:\\Git\\lewachUI\\src\\constants\\routes.js": {"lines":{"total":43,"covered":43,"skipped":0,"pct":100},"functions":{"total":0,"covered":0,"skipped":0,"pct":100},"statements":{"total":43,"covered":43,"skipped":0,"pct":100},"branches":{"total":0,"covered":0,"skipped":0,"pct":100}}
,"F:\\Git\\lewachUI\\src\\constants\\theme.js": {"lines":{"total":15,"covered":15,"skipped":0,"pct":100},"functions":{"total":0,"covered":0,"skipped":0,"pct":100},"statements":{"total":15,"covered":15,"skipped":0,"pct":100},"branches":{"total":0,"covered":0,"skipped":0,"pct":100}}
,"F:\\Git\\lewachUI\\src\\css\\canvasjs.min.js": {"lines":{"total":789,"covered":153,"skipped":0,"pct":19.39},"functions":{"total":420,"covered":13,"skipped":0,"pct":3.1},"statements":{"total":7195,"covered":283,"skipped":0,"pct":3.93},"branches":{"total":12434,"covered":39,"skipped":0,"pct":0.31}}
,"F:\\Git\\lewachUI\\src\\css\\canvasjs.react.js": {"lines":{"total":21,"covered":5,"skipped":0,"pct":23.81},"functions":{"total":6,"covered":0,"skipped":0,"pct":0},"statements":{"total":21,"covered":5,"skipped":0,"pct":23.81},"branches":{"total":16,"covered":1,"skipped":0,"pct":6.25}}
}
