TN:
SF:src\index.js
FNF:0
FNH:0
DA:9,35
DA:23,35
LF:2
LH:2
BRF:0
BRH:0
end_of_record
TN:
SF:src\serviceWorker.js
FN:23,register
FN:34,(anonymous_1)
FN:43,(anonymous_2)
FN:57,registerValidSW
FN:60,(anonymous_4)
FN:61,(anonymous_5)
FN:66,(anonymous_6)
FN:96,(anonymous_7)
FN:101,checkValidServiceWorker
FN:104,(anonymous_9)
FN:112,(anonymous_10)
FN:113,(anonymous_11)
FN:122,(anonymous_12)
FN:129,unregister
FN:131,(anonymous_14)
FNF:15
FNH:1
FNDA:0,register
FNDA:0,(anonymous_1)
FNDA:0,(anonymous_2)
FNDA:0,registerValidSW
FNDA:0,(anonymous_4)
FNDA:0,(anonymous_5)
FNDA:0,(anonymous_6)
FNDA:0,(anonymous_7)
FNDA:0,checkValidServiceWorker
FNDA:0,(anonymous_9)
FNDA:0,(anonymous_10)
FNDA:0,(anonymous_11)
FNDA:0,(anonymous_12)
FNDA:35,unregister
FNDA:0,(anonymous_14)
DA:13,35
DA:24,0
DA:26,0
DA:27,0
DA:31,0
DA:34,0
DA:35,0
DA:37,0
DA:39,0
DA:43,0
DA:44,0
DA:51,0
DA:58,0
DA:61,0
DA:62,0
DA:63,0
DA:64,0
DA:66,0
DA:67,0
DA:68,0
DA:72,0
DA:78,0
DA:79,0
DA:85,0
DA:88,0
DA:89,0
DA:97,0
DA:103,0
DA:106,0
DA:107,0
DA:112,0
DA:113,0
DA:114,0
DA:119,0
DA:123,0
DA:130,35
DA:131,35
DA:132,0
LF:38
LH:3
BRDA:14,0,0,35
BRDA:14,0,1,0
BRDA:14,0,2,0
BRDA:24,1,0,0
BRDA:24,1,1,0
BRDA:24,2,0,0
BRDA:24,2,1,0
BRDA:27,3,0,0
BRDA:27,3,1,0
BRDA:37,4,0,0
BRDA:37,4,1,0
BRDA:63,5,0,0
BRDA:63,5,1,0
BRDA:67,6,0,0
BRDA:67,6,1,0
BRDA:68,7,0,0
BRDA:68,7,1,0
BRDA:78,8,0,0
BRDA:78,8,1,0
BRDA:78,9,0,0
BRDA:78,9,1,0
BRDA:88,10,0,0
BRDA:88,10,1,0
BRDA:88,11,0,0
BRDA:88,11,1,0
BRDA:107,12,0,0
BRDA:107,12,1,0
BRDA:108,13,0,0
BRDA:108,13,1,0
BRDA:108,13,2,0
BRDA:130,14,0,35
BRDA:130,14,1,0
BRF:32
BRH:2
end_of_record
TN:
SF:src\components\App\index.js
FN:15,(anonymous_0)
FNF:1
FNH:1
FNDA:131,(anonymous_0)
DA:15,35
DA:16,131
LF:2
LH:2
BRDA:17,0,0,117
BRDA:17,0,1,14
BRF:2
BRH:2
end_of_record
TN:
SF:src\components\Chart\Line\index.js
FN:12,(anonymous_0)
FN:20,(anonymous_1)
FN:44,(anonymous_2)
FN:50,(anonymous_3)
FN:59,(anonymous_4)
FN:83,(anonymous_5)
FN:89,(anonymous_6)
FN:98,(anonymous_7)
FN:122,(anonymous_8)
FN:128,(anonymous_9)
FN:137,(anonymous_10)
FN:161,(anonymous_11)
FN:167,(anonymous_12)
FN:176,(anonymous_13)
FN:200,(anonymous_14)
FN:206,(anonymous_15)
FN:215,(anonymous_16)
FN:235,(anonymous_17)
FN:266,(anonymous_18)
FN:275,(anonymous_19)
FNF:20
FNH:0
FNDA:0,(anonymous_0)
FNDA:0,(anonymous_1)
FNDA:0,(anonymous_2)
FNDA:0,(anonymous_3)
FNDA:0,(anonymous_4)
FNDA:0,(anonymous_5)
FNDA:0,(anonymous_6)
FNDA:0,(anonymous_7)
FNDA:0,(anonymous_8)
FNDA:0,(anonymous_9)
FNDA:0,(anonymous_10)
FNDA:0,(anonymous_11)
FNDA:0,(anonymous_12)
FNDA:0,(anonymous_13)
FNDA:0,(anonymous_14)
FNDA:0,(anonymous_15)
FNDA:0,(anonymous_16)
FNDA:0,(anonymous_17)
FNDA:0,(anonymous_18)
FNDA:0,(anonymous_19)
DA:9,35
DA:13,0
DA:14,0
DA:21,0
DA:22,0
DA:23,0
DA:24,0
DA:45,0
DA:46,0
DA:47,0
DA:48,0
DA:50,0
DA:51,0
DA:56,0
DA:60,0
DA:61,0
DA:62,0
DA:63,0
DA:84,0
DA:85,0
DA:86,0
DA:87,0
DA:89,0
DA:90,0
DA:95,0
DA:99,0
DA:100,0
DA:101,0
DA:102,0
DA:123,0
DA:124,0
DA:125,0
DA:126,0
DA:128,0
DA:129,0
DA:134,0
DA:138,0
DA:139,0
DA:140,0
DA:141,0
DA:162,0
DA:163,0
DA:164,0
DA:165,0
DA:167,0
DA:168,0
DA:173,0
DA:177,0
DA:178,0
DA:179,0
DA:180,0
DA:201,0
DA:202,0
DA:203,0
DA:204,0
DA:206,0
DA:207,0
DA:212,0
DA:215,0
DA:216,0
DA:218,0
DA:219,0
DA:221,0
DA:222,0
DA:224,0
DA:225,0
DA:227,0
DA:228,0
DA:230,0
DA:231,0
DA:233,0
DA:236,0
DA:258,0
DA:266,0
DA:275,0
LF:75
LH:1
BRDA:47,0,0,0
BRDA:47,0,1,0
BRDA:86,1,0,0
BRDA:86,1,1,0
BRDA:125,2,0,0
BRDA:125,2,1,0
BRDA:164,3,0,0
BRDA:164,3,1,0
BRDA:203,4,0,0
BRDA:203,4,1,0
BRDA:216,5,0,0
BRDA:216,5,1,0
BRDA:216,5,2,0
BRDA:216,5,3,0
BRDA:216,5,4,0
BRF:15
BRH:0
end_of_record
TN:
SF:src\components\Flaggeditem\index.js
FN:9,(anonymous_0)
FN:72,(anonymous_1)
FN:72,(anonymous_2)
FN:74,(anonymous_3)
FN:79,(anonymous_4)
FN:84,(anonymous_5)
FN:88,(anonymous_6)
FN:96,(anonymous_7)
FN:107,(anonymous_8)
FN:111,(anonymous_9)
FN:117,(anonymous_10)
FNF:11
FNH:5
FNDA:6,(anonymous_0)
FNDA:0,(anonymous_1)
FNDA:0,(anonymous_2)
FNDA:0,(anonymous_3)
FNDA:0,(anonymous_4)
FNDA:0,(anonymous_5)
FNDA:3,(anonymous_6)
FNDA:2,(anonymous_7)
FNDA:3,(anonymous_8)
FNDA:0,(anonymous_9)
FNDA:14,(anonymous_10)
DA:10,6
DA:11,6
DA:70,6
DA:72,0
DA:74,0
DA:79,0
DA:84,0
DA:89,3
DA:90,3
DA:97,2
DA:99,2
DA:102,2
DA:104,0
DA:109,3
DA:111,6
DA:112,0
DA:118,14
LF:17
LH:11
BRDA:102,0,0,0
BRDA:102,0,1,2
BRDA:143,1,0,0
BRDA:143,1,1,14
BRF:4
BRH:2
end_of_record
TN:
SF:src\components\Flaggeditem\FlaggedItemCard\index.js
FN:23,(anonymous_0)
FN:27,(anonymous_1)
FN:34,(anonymous_2)
FN:46,(anonymous_3)
FN:58,(anonymous_4)
FN:69,(anonymous_5)
FN:78,(anonymous_6)
FN:95,(anonymous_7)
FN:107,(anonymous_8)
FN:119,(anonymous_9)
FN:126,(anonymous_10)
FN:159,(anonymous_11)
FN:167,(anonymous_12)
FNF:13
FNH:0
FNDA:0,(anonymous_0)
FNDA:0,(anonymous_1)
FNDA:0,(anonymous_2)
FNDA:0,(anonymous_3)
FNDA:0,(anonymous_4)
FNDA:0,(anonymous_5)
FNDA:0,(anonymous_6)
FNDA:0,(anonymous_7)
FNDA:0,(anonymous_8)
FNDA:0,(anonymous_9)
FNDA:0,(anonymous_10)
FNDA:0,(anonymous_11)
FNDA:0,(anonymous_12)
DA:10,35
DA:24,0
DA:25,0
DA:28,0
DA:35,0
DA:36,0
DA:37,0
DA:41,0
DA:45,0
DA:47,0
DA:48,0
DA:49,0
DA:51,0
DA:54,0
DA:55,0
DA:59,0
DA:60,0
DA:61,0
DA:63,0
DA:65,0
DA:70,0
DA:71,0
DA:74,0
DA:79,0
DA:80,0
DA:82,0
DA:86,0
DA:87,0
DA:89,0
DA:96,0
DA:97,0
DA:98,0
DA:102,0
DA:106,0
DA:108,0
DA:109,0
DA:110,0
DA:112,0
DA:115,0
DA:116,0
DA:120,0
DA:127,0
DA:128,0
DA:159,0
DA:167,0
LF:45
LH:1
BRDA:36,0,0,0
BRDA:36,0,1,0
BRDA:48,1,0,0
BRDA:48,1,1,0
BRDA:54,2,0,0
BRDA:54,2,1,0
BRDA:60,3,0,0
BRDA:60,3,1,0
BRDA:70,4,0,0
BRDA:70,4,1,0
BRDA:79,5,0,0
BRDA:79,5,1,0
BRDA:86,6,0,0
BRDA:86,6,1,0
BRDA:97,7,0,0
BRDA:97,7,1,0
BRDA:108,8,0,0
BRDA:108,8,1,0
BRDA:115,9,0,0
BRDA:115,9,1,0
BRF:20
BRH:0
end_of_record
TN:
SF:src\components\Membership\index.js
FN:9,(anonymous_0)
FN:68,(anonymous_1)
FN:68,(anonymous_2)
FN:70,(anonymous_3)
FN:75,(anonymous_4)
FN:80,(anonymous_5)
FN:85,(anonymous_6)
FN:89,(anonymous_7)
FN:96,(anonymous_8)
FN:109,(anonymous_9)
FN:113,(anonymous_10)
FN:119,(anonymous_11)
FNF:12
FNH:5
FNDA:6,(anonymous_0)
FNDA:0,(anonymous_1)
FNDA:0,(anonymous_2)
FNDA:0,(anonymous_3)
FNDA:0,(anonymous_4)
FNDA:0,(anonymous_5)
FNDA:0,(anonymous_6)
FNDA:3,(anonymous_7)
FNDA:2,(anonymous_8)
FNDA:3,(anonymous_9)
FNDA:0,(anonymous_10)
FNDA:14,(anonymous_11)
DA:10,6
DA:11,6
DA:66,6
DA:68,0
DA:70,0
DA:75,0
DA:80,0
DA:85,0
DA:90,3
DA:91,3
DA:98,2
DA:99,2
DA:101,2
DA:104,2
DA:106,0
DA:110,3
DA:113,6
DA:114,0
DA:120,14
LF:19
LH:12
BRDA:104,0,0,0
BRDA:104,0,1,2
BRDA:142,1,0,0
BRDA:142,1,1,14
BRF:4
BRH:2
end_of_record
TN:
SF:src\components\Membership\UserCard\index.js
FN:12,(anonymous_0)
FN:19,(anonymous_1)
FN:26,(anonymous_2)
FN:38,(anonymous_3)
FN:48,(anonymous_4)
FN:56,(anonymous_5)
FN:68,(anonymous_6)
FN:77,(anonymous_7)
FN:80,(anonymous_8)
FN:104,(anonymous_9)
FN:111,(anonymous_10)
FNF:11
FNH:0
FNDA:0,(anonymous_0)
FNDA:0,(anonymous_1)
FNDA:0,(anonymous_2)
FNDA:0,(anonymous_3)
FNDA:0,(anonymous_4)
FNDA:0,(anonymous_5)
FNDA:0,(anonymous_6)
FNDA:0,(anonymous_7)
FNDA:0,(anonymous_8)
FNDA:0,(anonymous_9)
FNDA:0,(anonymous_10)
DA:13,0
DA:14,0
DA:20,0
DA:27,0
DA:28,0
DA:29,0
DA:33,0
DA:37,0
DA:39,0
DA:40,0
DA:44,0
DA:45,0
DA:49,0
DA:57,0
DA:58,0
DA:59,0
DA:63,0
DA:67,0
DA:69,0
DA:70,0
DA:73,0
DA:74,0
DA:78,0
DA:81,0
DA:82,0
DA:104,0
DA:111,0
LF:27
LH:0
BRDA:28,0,0,0
BRDA:28,0,1,0
BRDA:44,1,0,0
BRDA:44,1,1,0
BRDA:58,2,0,0
BRDA:58,2,1,0
BRDA:73,3,0,0
BRDA:73,3,1,0
BRF:8
BRH:0
end_of_record
TN:
SF:src\components\Navigation\index.js
FN:10,(anonymous_0)
FNF:1
FNH:1
FNDA:117,(anonymous_0)
DA:10,35
DA:11,117
LF:2
LH:2
BRF:0
BRH:0
end_of_record
TN:
SF:src\components\Report\index.js
FN:8,(anonymous_0)
FNF:1
FNH:1
FNDA:37,(anonymous_0)
DA:8,35
DA:9,37
LF:2
LH:2
BRF:0
BRH:0
end_of_record
TN:
SF:src\components\Report\CardReport\index.js
FN:6,(anonymous_0)
FNF:1
FNH:1
FNDA:1436,(anonymous_0)
DA:6,35
DA:7,1436
LF:2
LH:2
BRF:0
BRH:0
end_of_record
TN:
SF:src\components\Report\ItemReport\index.js
FN:10,(anonymous_0)
FN:40,(anonymous_1)
FN:45,(anonymous_2)
FN:52,(anonymous_3)
FN:65,(anonymous_4)
FN:75,(anonymous_5)
FN:82,(anonymous_6)
FN:89,(anonymous_7)
FN:100,(anonymous_8)
FN:108,(anonymous_9)
FN:117,(anonymous_10)
FN:123,(anonymous_11)
FNF:12
FNH:12
FNDA:22,(anonymous_0)
FNDA:672,(anonymous_1)
FNDA:11,(anonymous_2)
FNDA:10,(anonymous_3)
FNDA:14,(anonymous_4)
FNDA:13,(anonymous_5)
FNDA:39,(anonymous_6)
FNDA:11,(anonymous_7)
FNDA:10,(anonymous_8)
FNDA:20,(anonymous_9)
FNDA:11,(anonymous_10)
FNDA:146,(anonymous_11)
DA:11,22
DA:12,22
DA:25,22
DA:41,672
DA:46,11
DA:47,11
DA:54,10
DA:55,10
DA:57,10
DA:60,10
DA:62,0
DA:66,14
DA:67,14
DA:68,14
DA:69,14
DA:70,14
DA:76,13
DA:77,13
DA:79,13
DA:80,3
DA:82,13
DA:83,39
DA:84,39
DA:86,13
DA:90,11
DA:91,11
DA:92,11
DA:93,11
DA:94,11
DA:101,10
DA:102,10
DA:103,10
DA:105,10
DA:106,0
DA:108,10
DA:109,20
DA:110,20
DA:112,10
DA:118,11
DA:119,11
DA:120,11
DA:124,146
LF:42
LH:40
BRDA:60,0,0,0
BRDA:60,0,1,10
BRDA:79,1,0,3
BRDA:79,1,1,10
BRDA:83,2,0,13
BRDA:83,2,1,26
BRDA:84,3,0,13
BRDA:84,3,1,26
BRDA:105,4,0,0
BRDA:105,4,1,10
BRDA:109,5,0,0
BRDA:109,5,1,20
BRDA:110,6,0,0
BRDA:110,6,1,20
BRF:14
BRH:10
end_of_record
TN:
SF:src\components\Report\ServiceReport\index.js
FN:10,(anonymous_0)
FN:38,(anonymous_1)
FN:43,(anonymous_2)
FN:51,(anonymous_3)
FN:64,(anonymous_4)
FN:75,(anonymous_5)
FN:82,(anonymous_6)
FN:89,(anonymous_7)
FN:100,(anonymous_8)
FN:107,(anonymous_9)
FN:116,(anonymous_10)
FN:121,(anonymous_11)
FNF:12
FNH:12
FNDA:22,(anonymous_0)
FNDA:416,(anonymous_1)
FNDA:11,(anonymous_2)
FNDA:10,(anonymous_3)
FNDA:13,(anonymous_4)
FNDA:12,(anonymous_5)
FNDA:12,(anonymous_6)
FNDA:17,(anonymous_7)
FNDA:16,(anonymous_8)
FNDA:32,(anonymous_9)
FNDA:11,(anonymous_10)
FNDA:146,(anonymous_11)
DA:11,22
DA:12,22
DA:24,22
DA:39,416
DA:44,11
DA:45,11
DA:53,10
DA:54,10
DA:56,10
DA:59,10
DA:61,0
DA:65,13
DA:66,13
DA:67,13
DA:68,13
DA:69,13
DA:76,12
DA:77,12
DA:79,12
DA:80,2
DA:82,12
DA:83,12
DA:84,12
DA:86,12
DA:90,17
DA:91,17
DA:92,17
DA:93,17
DA:94,17
DA:101,16
DA:102,16
DA:104,16
DA:105,6
DA:107,16
DA:108,32
DA:109,32
DA:111,16
DA:117,11
DA:118,11
DA:119,11
DA:122,146
LF:41
LH:40
BRDA:59,0,0,0
BRDA:59,0,1,10
BRDA:79,1,0,2
BRDA:79,1,1,10
BRDA:83,2,0,0
BRDA:83,2,1,12
BRDA:84,3,0,12
BRDA:84,3,1,0
BRDA:104,4,0,6
BRDA:104,4,1,10
BRDA:108,5,0,16
BRDA:108,5,1,16
BRDA:109,6,0,0
BRDA:109,6,1,32
BRF:14
BRH:10
end_of_record
TN:
SF:src\components\Report\UserReport\index.js
FN:10,(anonymous_0)
FN:48,(anonymous_1)
FN:53,(anonymous_2)
FN:58,(anonymous_3)
FN:71,(anonymous_4)
FN:82,(anonymous_5)
FN:89,(anonymous_6)
FN:96,(anonymous_7)
FN:100,(anonymous_8)
FNF:9
FNH:9
FNDA:22,(anonymous_0)
FNDA:672,(anonymous_1)
FNDA:11,(anonymous_2)
FNDA:10,(anonymous_3)
FNDA:21,(anonymous_4)
FNDA:20,(anonymous_5)
FNDA:20,(anonymous_6)
FNDA:11,(anonymous_7)
FNDA:134,(anonymous_8)
DA:11,22
DA:12,22
DA:22,22
DA:49,672
DA:54,11
DA:55,11
DA:60,10
DA:61,10
DA:63,10
DA:66,10
DA:68,0
DA:72,21
DA:73,21
DA:74,21
DA:75,21
DA:76,21
DA:83,20
DA:84,20
DA:86,20
DA:87,10
DA:89,20
DA:90,20
DA:91,20
DA:93,20
DA:97,11
DA:98,11
DA:101,134
LF:27
LH:26
BRDA:66,0,0,0
BRDA:66,0,1,10
BRDA:86,1,0,10
BRDA:86,1,1,10
BRDA:90,2,0,20
BRDA:90,2,1,0
BRDA:91,3,0,0
BRDA:91,3,1,20
BRF:8
BRH:5
end_of_record
TN:
SF:src\components\Sidebar\index.js
FN:26,(anonymous_0)
FN:31,(anonymous_1)
FNF:2
FNH:1
FNDA:82,(anonymous_0)
FNDA:0,(anonymous_1)
DA:26,35
DA:28,82
DA:31,82
DA:33,0
DA:36,82
LF:5
LH:4
BRDA:33,0,0,0
BRDA:33,0,1,0
BRDA:45,1,0,0
BRDA:45,1,1,82
BRF:4
BRH:1
end_of_record
TN:
SF:src\components\SignIn\index.js
FN:31,(anonymous_0)
FN:35,(anonymous_1)
FN:48,(anonymous_2)
FN:65,(anonymous_3)
FN:75,(anonymous_4)
FN:81,(anonymous_5)
FN:85,(anonymous_6)
FN:94,(anonymous_7)
FNF:8
FNH:7
FNDA:20,(anonymous_0)
FNDA:12,(anonymous_1)
FNDA:12,(anonymous_2)
FNDA:0,(anonymous_3)
FNDA:12,(anonymous_4)
FNDA:168,(anonymous_5)
FNDA:362,(anonymous_6)
FNDA:12,(anonymous_7)
DA:10,35
DA:14,35
DA:21,35
DA:23,35
DA:32,20
DA:33,14
DA:36,12
DA:37,12
DA:49,12
DA:50,12
DA:52,12
DA:53,12
DA:54,12
DA:55,12
DA:56,12
DA:57,12
DA:59,0
DA:61,12
DA:62,0
DA:66,0
DA:67,0
DA:68,0
DA:76,12
DA:78,12
DA:81,14
DA:82,168
DA:86,362
DA:88,362
DA:90,362
DA:94,12
LF:30
LH:25
BRDA:53,0,0,12
BRDA:53,0,1,0
BRDA:61,1,0,0
BRDA:61,1,1,12
BRDA:69,2,0,0
BRDA:69,2,1,0
BRDA:70,3,0,0
BRDA:70,3,1,0
BRDA:88,4,0,362
BRDA:88,4,1,108
BRF:10
BRH:4
end_of_record
TN:
SF:src\components\SignOut\index.js
FN:11,(anonymous_0)
FN:14,(anonymous_1)
FN:25,(anonymous_2)
FN:36,(anonymous_3)
FNF:4
FNH:0
FNDA:0,(anonymous_0)
FNDA:0,(anonymous_1)
FNDA:0,(anonymous_2)
FNDA:0,(anonymous_3)
DA:12,0
DA:15,0
DA:26,0
DA:27,0
DA:28,0
DA:29,0
DA:30,0
DA:37,0
DA:38,0
LF:9
LH:0
BRF:0
BRH:0
end_of_record
TN:
SF:src\components\Statistics\index.js
FN:9,(anonymous_0)
FN:24,(anonymous_1)
FN:34,(anonymous_2)
FN:40,(anonymous_3)
FN:51,(anonymous_4)
FN:61,(anonymous_5)
FN:67,(anonymous_6)
FN:78,(anonymous_7)
FN:88,(anonymous_8)
FN:94,(anonymous_9)
FN:105,(anonymous_10)
FN:115,(anonymous_11)
FN:121,(anonymous_12)
FN:132,(anonymous_13)
FN:142,(anonymous_14)
FN:148,(anonymous_15)
FN:160,(anonymous_16)
FN:167,(anonymous_17)
FNF:18
FNH:0
FNDA:0,(anonymous_0)
FNDA:0,(anonymous_1)
FNDA:0,(anonymous_2)
FNDA:0,(anonymous_3)
FNDA:0,(anonymous_4)
FNDA:0,(anonymous_5)
FNDA:0,(anonymous_6)
FNDA:0,(anonymous_7)
FNDA:0,(anonymous_8)
FNDA:0,(anonymous_9)
FNDA:0,(anonymous_10)
FNDA:0,(anonymous_11)
FNDA:0,(anonymous_12)
FNDA:0,(anonymous_13)
FNDA:0,(anonymous_14)
FNDA:0,(anonymous_15)
FNDA:0,(anonymous_16)
FNDA:0,(anonymous_17)
DA:10,0
DA:11,0
DA:12,0
DA:25,0
DA:26,0
DA:27,0
DA:28,0
DA:35,0
DA:36,0
DA:37,0
DA:38,0
DA:40,0
DA:41,0
DA:48,0
DA:52,0
DA:53,0
DA:54,0
DA:55,0
DA:62,0
DA:63,0
DA:64,0
DA:65,0
DA:67,0
DA:68,0
DA:75,0
DA:79,0
DA:80,0
DA:81,0
DA:82,0
DA:89,0
DA:90,0
DA:91,0
DA:92,0
DA:94,0
DA:95,0
DA:102,0
DA:106,0
DA:107,0
DA:108,0
DA:109,0
DA:116,0
DA:117,0
DA:118,0
DA:119,0
DA:121,0
DA:122,0
DA:129,0
DA:133,0
DA:134,0
DA:135,0
DA:136,0
DA:143,0
DA:144,0
DA:145,0
DA:146,0
DA:148,0
DA:149,0
DA:156,0
DA:161,0
DA:162,0
DA:163,0
DA:164,0
DA:165,0
DA:168,0
LF:64
LH:0
BRDA:37,0,0,0
BRDA:37,0,1,0
BRDA:64,1,0,0
BRDA:64,1,1,0
BRDA:91,2,0,0
BRDA:91,2,1,0
BRDA:118,3,0,0
BRDA:118,3,1,0
BRDA:145,4,0,0
BRDA:145,4,1,0
BRF:10
BRH:0
end_of_record
TN:
SF:src\components\Statistics\CardStatistics\index.js
FN:4,(anonymous_0)
FNF:1
FNH:0
FNDA:0,(anonymous_0)
DA:4,35
DA:5,0
LF:2
LH:1
BRF:0
BRH:0
end_of_record
TN:
SF:src\components\Table\index.js
FN:16,(anonymous_0)
FN:17,(anonymous_1)
FN:18,(anonymous_2)
FN:44,(anonymous_3)
FN:49,(anonymous_4)
FN:58,(anonymous_5)
FN:67,(anonymous_6)
FN:80,(anonymous_7)
FN:103,(anonymous_8)
FN:125,(anonymous_9)
FN:131,(anonymous_10)
FN:134,(anonymous_11)
FN:139,(anonymous_12)
FN:145,(anonymous_13)
FN:151,(anonymous_14)
FNF:15
FNH:7
FNDA:546,(anonymous_0)
FNDA:66,(anonymous_1)
FNDA:126,(anonymous_2)
FNDA:0,(anonymous_3)
FNDA:0,(anonymous_4)
FNDA:0,(anonymous_5)
FNDA:0,(anonymous_6)
FNDA:720,(anonymous_7)
FNDA:1614,(anonymous_8)
FNDA:1760,(anonymous_9)
FNDA:0,(anonymous_10)
FNDA:0,(anonymous_11)
FNDA:0,(anonymous_12)
FNDA:0,(anonymous_13)
FNDA:4192,(anonymous_14)
DA:16,35
DA:17,546
DA:18,546
DA:30,546
DA:44,546
DA:45,0
DA:46,0
DA:49,546
DA:50,0
DA:51,0
DA:54,0
DA:58,546
DA:59,0
DA:60,0
DA:63,0
DA:67,546
DA:68,0
DA:69,0
DA:72,0
DA:76,546
DA:81,720
DA:104,1614
DA:126,1760
DA:127,1760
DA:131,0
DA:134,0
DA:139,0
DA:145,0
DA:152,4192
LF:29
LH:14
BRDA:45,0,0,0
BRDA:45,0,1,0
BRDA:46,1,0,0
BRDA:46,1,1,0
BRDA:50,2,0,0
BRDA:50,2,1,0
BRDA:51,3,0,0
BRDA:51,3,1,0
BRDA:59,4,0,0
BRDA:59,4,1,0
BRDA:60,5,0,0
BRDA:60,5,1,0
BRDA:68,6,0,0
BRDA:68,6,1,0
BRDA:69,7,0,0
BRDA:69,7,1,0
BRDA:82,8,0,0
BRDA:82,8,1,720
BRDA:90,9,0,0
BRDA:90,9,1,720
BRDA:96,10,0,0
BRDA:96,10,1,720
BRDA:107,11,0,0
BRDA:107,11,1,1614
BRDA:108,12,0,0
BRDA:108,12,1,0
BRDA:130,13,0,0
BRDA:130,13,1,1760
BRDA:138,14,0,0
BRDA:138,14,1,1760
BRDA:144,15,0,0
BRDA:144,15,1,1760
BRF:32
BRH:7
end_of_record
TN:
SF:src\components\Utilities\index.js
FN:11,(anonymous_0)
FNF:1
FNH:1
FNDA:49,(anonymous_0)
DA:11,35
DA:12,49
LF:2
LH:2
BRF:0
BRH:0
end_of_record
TN:
SF:src\components\Utilities\Category\index.js
FN:9,(anonymous_0)
FN:25,(anonymous_1)
FN:25,(anonymous_2)
FN:27,(anonymous_3)
FN:31,(anonymous_4)
FN:31,(anonymous_5)
FN:33,(anonymous_6)
FN:38,(anonymous_7)
FN:43,(anonymous_8)
FN:68,(anonymous_9)
FN:76,(anonymous_10)
FN:89,(anonymous_11)
FN:93,(anonymous_12)
FN:98,(anonymous_13)
FN:104,(anonymous_14)
FN:110,(anonymous_15)
FNF:16
FNH:12
FNDA:36,(anonymous_0)
FNDA:868,(anonymous_1)
FNDA:29,(anonymous_2)
FNDA:0,(anonymous_3)
FNDA:868,(anonymous_4)
FNDA:0,(anonymous_5)
FNDA:0,(anonymous_6)
FNDA:868,(anonymous_7)
FNDA:868,(anonymous_8)
FNDA:32,(anonymous_9)
FNDA:31,(anonymous_10)
FNDA:18,(anonymous_11)
FNDA:32,(anonymous_12)
FNDA:58,(anonymous_13)
FNDA:0,(anonymous_14)
FNDA:368,(anonymous_15)
DA:10,36
DA:11,36
DA:23,36
DA:25,868
DA:27,0
DA:31,868
DA:33,0
DA:38,868
DA:43,868
DA:69,32
DA:70,32
DA:78,31
DA:79,31
DA:81,31
DA:84,31
DA:86,0
DA:90,18
DA:93,36
DA:94,32
DA:98,36
DA:99,58
DA:104,36
DA:105,0
DA:111,368
LF:24
LH:20
BRDA:84,0,0,0
BRDA:84,0,1,31
BRDA:130,1,0,32
BRDA:130,1,1,336
BRDA:141,2,0,142
BRDA:141,2,1,226
BRDA:153,3,0,0
BRDA:153,3,1,368
BRF:8
BRH:6
end_of_record
TN:
SF:src\components\Utilities\Category\CreateCategory\index.js
FN:11,(anonymous_0)
FN:26,(anonymous_1)
FN:37,(anonymous_2)
FN:48,(anonymous_3)
FN:65,(anonymous_4)
FN:75,(anonymous_5)
FN:86,(anonymous_6)
FN:103,(anonymous_7)
FN:110,(anonymous_8)
FN:121,(anonymous_9)
FN:141,(anonymous_10)
FN:153,(anonymous_11)
FN:158,(anonymous_12)
FN:175,(anonymous_13)
FNF:14
FNH:10
FNDA:90,(anonymous_0)
FNDA:32,(anonymous_1)
FNDA:0,(anonymous_2)
FNDA:32,(anonymous_3)
FNDA:44,(anonymous_4)
FNDA:14,(anonymous_5)
FNDA:30,(anonymous_6)
FNDA:0,(anonymous_7)
FNDA:0,(anonymous_8)
FNDA:0,(anonymous_9)
FNDA:76,(anonymous_10)
FNDA:589,(anonymous_11)
FNDA:1628,(anonymous_12)
FNDA:76,(anonymous_13)
DA:12,90
DA:13,90
DA:28,32
DA:38,0
DA:39,0
DA:43,0
DA:47,0
DA:48,32
DA:50,32
DA:51,32
DA:53,0
DA:58,32
DA:61,32
DA:62,0
DA:66,44
DA:76,14
DA:77,0
DA:81,14
DA:85,14
DA:86,30
DA:88,30
DA:89,30
DA:91,30
DA:96,0
DA:99,44
DA:100,0
DA:104,0
DA:111,0
DA:112,0
DA:116,0
DA:120,0
DA:121,0
DA:122,0
DA:124,0
DA:125,0
DA:127,0
DA:129,0
DA:134,0
DA:137,0
DA:138,0
DA:142,76
DA:143,32
DA:144,44
DA:145,44
DA:147,0
DA:149,76
DA:153,90
DA:154,589
DA:155,589
DA:159,1628
DA:160,1628
DA:161,1628
DA:162,1628
DA:163,1628
DA:164,1628
DA:166,1628
DA:175,76
LF:57
LH:33
BRDA:14,0,0,32
BRDA:14,0,1,58
BRDA:38,1,0,0
BRDA:38,1,1,0
BRDA:51,2,0,0
BRDA:51,2,1,32
BRDA:54,3,0,0
BRDA:54,3,1,0
BRDA:55,4,0,0
BRDA:55,4,1,0
BRDA:61,5,0,0
BRDA:61,5,1,32
BRDA:76,6,0,0
BRDA:76,6,1,14
BRDA:89,7,0,30
BRDA:89,7,1,0
BRDA:92,8,0,30
BRDA:92,8,1,0
BRDA:93,9,0,0
BRDA:93,9,1,30
BRDA:99,10,0,0
BRDA:99,10,1,44
BRDA:111,11,0,0
BRDA:111,11,1,0
BRDA:127,12,0,0
BRDA:127,12,1,0
BRDA:130,13,0,0
BRDA:130,13,1,0
BRDA:131,14,0,0
BRDA:131,14,1,0
BRDA:137,15,0,0
BRDA:137,15,1,0
BRDA:142,16,0,32
BRDA:142,16,1,44
BRDA:144,17,0,44
BRDA:144,17,1,0
BRDA:163,18,0,768
BRDA:163,18,1,860
BRDA:164,19,0,1628
BRDA:164,19,1,1596
BRDA:186,20,0,768
BRDA:186,20,1,860
BRDA:199,21,0,768
BRDA:199,21,1,860
BRDA:220,22,0,0
BRDA:220,22,1,1628
BRF:46
BRH:21
end_of_record
TN:
SF:src\components\Utilities\Membership\index.js
FN:9,(anonymous_0)
FN:26,(anonymous_1)
FN:26,(anonymous_2)
FN:28,(anonymous_3)
FN:32,(anonymous_4)
FN:32,(anonymous_5)
FN:34,(anonymous_6)
FN:39,(anonymous_7)
FN:44,(anonymous_8)
FN:50,(anonymous_9)
FN:80,(anonymous_10)
FN:95,(anonymous_11)
FN:108,(anonymous_12)
FN:114,(anonymous_13)
FN:119,(anonymous_14)
FN:125,(anonymous_15)
FN:131,(anonymous_16)
FNF:17
FNH:13
FNDA:36,(anonymous_0)
FNDA:204,(anonymous_1)
FNDA:13,(anonymous_2)
FNDA:0,(anonymous_3)
FNDA:204,(anonymous_4)
FNDA:0,(anonymous_5)
FNDA:0,(anonymous_6)
FNDA:204,(anonymous_7)
FNDA:204,(anonymous_8)
FNDA:204,(anonymous_9)
FNDA:18,(anonymous_10)
FNDA:17,(anonymous_11)
FNDA:18,(anonymous_12)
FNDA:16,(anonymous_13)
FNDA:26,(anonymous_14)
FNDA:0,(anonymous_15)
FNDA:188,(anonymous_16)
DA:10,36
DA:12,36
DA:24,36
DA:26,204
DA:28,0
DA:32,204
DA:34,0
DA:39,204
DA:44,204
DA:50,204
DA:81,18
DA:82,18
DA:97,17
DA:98,17
DA:100,17
DA:103,17
DA:105,0
DA:112,18
DA:114,36
DA:115,16
DA:119,36
DA:120,26
DA:125,36
DA:126,0
DA:132,188
LF:25
LH:21
BRDA:103,0,0,0
BRDA:103,0,1,17
BRDA:151,1,0,16
BRDA:151,1,1,172
BRDA:163,2,0,26
BRDA:163,2,1,162
BRDA:175,3,0,0
BRDA:175,3,1,188
BRF:8
BRH:6
end_of_record
TN:
SF:src\components\Utilities\Membership\CreateMembership\index.js
FN:11,(anonymous_0)
FN:24,(anonymous_1)
FN:33,(anonymous_2)
FN:44,(anonymous_3)
FN:63,(anonymous_4)
FN:72,(anonymous_5)
FN:83,(anonymous_6)
FN:102,(anonymous_7)
FN:110,(anonymous_8)
FN:121,(anonymous_9)
FN:134,(anonymous_10)
FN:144,(anonymous_11)
FN:153,(anonymous_12)
FN:170,(anonymous_13)
FNF:14
FNH:9
FNDA:42,(anonymous_0)
FNDA:32,(anonymous_1)
FNDA:0,(anonymous_2)
FNDA:32,(anonymous_3)
FNDA:52,(anonymous_4)
FNDA:0,(anonymous_5)
FNDA:52,(anonymous_6)
FNDA:0,(anonymous_7)
FNDA:0,(anonymous_8)
FNDA:0,(anonymous_9)
FNDA:84,(anonymous_10)
FNDA:378,(anonymous_11)
FNDA:1134,(anonymous_12)
FNDA:84,(anonymous_13)
DA:12,42
DA:13,42
DA:25,32
DA:34,0
DA:35,0
DA:39,0
DA:43,0
DA:44,32
DA:46,32
DA:47,32
DA:49,16
DA:56,16
DA:59,32
DA:60,0
DA:64,52
DA:73,0
DA:74,0
DA:78,0
DA:82,0
DA:83,52
DA:84,52
DA:85,52
DA:87,52
DA:94,0
DA:98,52
DA:99,0
DA:104,0
DA:111,0
DA:112,0
DA:116,0
DA:120,0
DA:122,0
DA:123,0
DA:124,0
DA:125,0
DA:126,0
DA:130,0
DA:131,0
DA:134,42
DA:135,84
DA:136,32
DA:137,52
DA:138,52
DA:140,0
DA:142,84
DA:144,42
DA:145,378
DA:146,294
DA:148,378
DA:154,1134
DA:155,1134
DA:156,1134
DA:157,1134
DA:158,1134
DA:159,1134
DA:162,1134
DA:170,84
LF:57
LH:33
BRDA:14,0,0,16
BRDA:14,0,1,26
BRDA:15,1,0,16
BRDA:15,1,1,26
BRDA:16,2,0,16
BRDA:16,2,1,26
BRDA:34,3,0,0
BRDA:34,3,1,0
BRDA:47,4,0,16
BRDA:47,4,1,16
BRDA:50,5,0,0
BRDA:50,5,1,16
BRDA:51,6,0,16
BRDA:51,6,1,0
BRDA:52,7,0,8
BRDA:52,7,1,8
BRDA:59,8,0,0
BRDA:59,8,1,32
BRDA:73,9,0,0
BRDA:73,9,1,0
BRDA:85,10,0,52
BRDA:85,10,1,0
BRDA:88,11,0,52
BRDA:88,11,1,0
BRDA:89,12,0,0
BRDA:89,12,1,52
BRDA:90,13,0,0
BRDA:90,13,1,52
BRDA:98,14,0,0
BRDA:98,14,1,52
BRDA:111,15,0,0
BRDA:111,15,1,0
BRDA:130,16,0,0
BRDA:130,16,1,0
BRDA:135,17,0,32
BRDA:135,17,1,52
BRDA:137,18,0,52
BRDA:137,18,1,0
BRDA:145,19,0,294
BRDA:145,19,1,84
BRDA:159,20,0,432
BRDA:159,20,1,702
BRDA:181,21,0,432
BRDA:181,21,1,702
BRDA:195,22,0,432
BRDA:195,22,1,702
BRDA:209,23,0,432
BRDA:209,23,1,702
BRDA:223,24,0,0
BRDA:223,24,1,1134
BRF:50
BRH:32
end_of_record
TN:
SF:src\components\Utilities\Reporttype\index.js
FN:9,(anonymous_0)
FN:45,(anonymous_1)
FN:45,(anonymous_2)
FN:47,(anonymous_3)
FN:51,(anonymous_4)
FN:51,(anonymous_5)
FN:53,(anonymous_6)
FN:58,(anonymous_7)
FN:63,(anonymous_8)
FN:67,(anonymous_9)
FN:75,(anonymous_10)
FN:88,(anonymous_11)
FN:92,(anonymous_12)
FN:97,(anonymous_13)
FN:103,(anonymous_14)
FN:109,(anonymous_15)
FNF:16
FNH:12
FNDA:36,(anonymous_0)
FNDA:170,(anonymous_1)
FNDA:5,(anonymous_2)
FNDA:0,(anonymous_3)
FNDA:170,(anonymous_4)
FNDA:0,(anonymous_5)
FNDA:0,(anonymous_6)
FNDA:170,(anonymous_7)
FNDA:170,(anonymous_8)
FNDA:18,(anonymous_9)
FNDA:17,(anonymous_10)
FNDA:18,(anonymous_11)
FNDA:8,(anonymous_12)
FNDA:10,(anonymous_13)
FNDA:0,(anonymous_14)
FNDA:140,(anonymous_15)
DA:10,36
DA:11,36
DA:43,36
DA:45,170
DA:47,0
DA:51,170
DA:53,0
DA:58,170
DA:63,170
DA:68,18
DA:69,18
DA:77,17
DA:78,17
DA:80,17
DA:83,17
DA:85,0
DA:89,18
DA:92,36
DA:93,8
DA:97,36
DA:98,10
DA:103,36
DA:104,0
DA:110,140
LF:24
LH:20
BRDA:83,0,0,0
BRDA:83,0,1,17
BRDA:129,1,0,8
BRDA:129,1,1,132
BRDA:140,2,0,10
BRDA:140,2,1,130
BRDA:152,3,0,0
BRDA:152,3,1,140
BRF:8
BRH:6
end_of_record
TN:
SF:src\components\Utilities\Reporttype\CreateReporttype\index.js
FN:14,(anonymous_0)
FN:26,(anonymous_1)
FN:34,(anonymous_2)
FN:45,(anonymous_3)
FN:61,(anonymous_4)
FN:70,(anonymous_5)
FN:81,(anonymous_6)
FN:98,(anonymous_7)
FN:105,(anonymous_8)
FN:116,(anonymous_9)
FN:127,(anonymous_10)
FN:139,(anonymous_11)
FN:146,(anonymous_12)
FN:163,(anonymous_13)
FNF:14
FNH:9
FNDA:18,(anonymous_0)
FNDA:8,(anonymous_1)
FNDA:0,(anonymous_2)
FNDA:8,(anonymous_3)
FNDA:10,(anonymous_4)
FNDA:0,(anonymous_5)
FNDA:10,(anonymous_6)
FNDA:0,(anonymous_7)
FNDA:0,(anonymous_8)
FNDA:0,(anonymous_9)
FNDA:18,(anonymous_10)
FNDA:135,(anonymous_11)
FNDA:360,(anonymous_12)
FNDA:18,(anonymous_13)
DA:9,35
DA:15,18
DA:16,18
DA:27,8
DA:35,0
DA:36,0
DA:40,0
DA:44,0
DA:45,8
DA:46,8
DA:47,8
DA:48,0
DA:54,8
DA:57,8
DA:58,0
DA:62,10
DA:71,0
DA:72,0
DA:76,0
DA:80,0
DA:81,10
DA:82,10
DA:83,10
DA:85,10
DA:91,0
DA:94,10
DA:95,0
DA:99,0
DA:106,0
DA:107,0
DA:111,0
DA:115,0
DA:116,0
DA:118,0
DA:119,0
DA:120,0
DA:121,0
DA:123,0
DA:124,0
DA:128,18
DA:129,8
DA:130,10
DA:131,10
DA:133,0
DA:135,18
DA:139,18
DA:140,135
DA:141,0
DA:143,135
DA:147,360
DA:148,360
DA:149,360
DA:150,360
DA:151,360
DA:152,360
DA:155,360
DA:163,18
LF:57
LH:31
BRDA:17,0,0,8
BRDA:17,0,1,10
BRDA:35,1,0,0
BRDA:35,1,1,0
BRDA:47,2,0,0
BRDA:47,2,1,8
BRDA:49,3,0,0
BRDA:49,3,1,0
BRDA:50,4,0,0
BRDA:50,4,1,0
BRDA:57,5,0,0
BRDA:57,5,1,8
BRDA:71,6,0,0
BRDA:71,6,1,0
BRDA:83,7,0,10
BRDA:83,7,1,0
BRDA:86,8,0,10
BRDA:86,8,1,0
BRDA:87,9,0,0
BRDA:87,9,1,10
BRDA:94,10,0,0
BRDA:94,10,1,10
BRDA:106,11,0,0
BRDA:106,11,1,0
BRDA:123,12,0,0
BRDA:123,12,1,0
BRDA:128,13,0,8
BRDA:128,13,1,10
BRDA:130,14,0,10
BRDA:130,14,1,0
BRDA:140,15,0,0
BRDA:140,15,1,135
BRDA:148,16,0,360
BRDA:148,16,1,352
BRDA:152,17,0,160
BRDA:152,17,1,200
BRDA:174,18,0,160
BRDA:174,18,1,200
BRDA:187,19,0,160
BRDA:187,19,1,200
BRDA:208,20,0,0
BRDA:208,20,1,360
BRF:42
BRH:21
end_of_record
TN:
SF:src\components\Utilities\Type\index.js
FN:10,(anonymous_0)
FN:51,(anonymous_1)
FN:51,(anonymous_2)
FN:53,(anonymous_3)
FN:57,(anonymous_4)
FN:57,(anonymous_5)
FN:59,(anonymous_6)
FN:64,(anonymous_7)
FN:69,(anonymous_8)
FN:73,(anonymous_9)
FN:81,(anonymous_10)
FN:94,(anonymous_11)
FN:98,(anonymous_12)
FN:103,(anonymous_13)
FN:109,(anonymous_14)
FN:115,(anonymous_15)
FNF:16
FNH:12
FNDA:48,(anonymous_0)
FNDA:510,(anonymous_1)
FNDA:21,(anonymous_2)
FNDA:0,(anonymous_3)
FNDA:510,(anonymous_4)
FNDA:0,(anonymous_5)
FNDA:0,(anonymous_6)
FNDA:510,(anonymous_7)
FNDA:510,(anonymous_8)
FNDA:18,(anonymous_9)
FNDA:17,(anonymous_10)
FNDA:18,(anonymous_11)
FNDA:24,(anonymous_12)
FNDA:42,(anonymous_13)
FNDA:0,(anonymous_14)
FNDA:236,(anonymous_15)
DA:11,48
DA:12,36
DA:49,36
DA:51,510
DA:53,0
DA:57,510
DA:59,0
DA:64,510
DA:69,510
DA:74,18
DA:75,18
DA:83,17
DA:84,17
DA:86,17
DA:89,17
DA:91,0
DA:96,18
DA:98,36
DA:99,24
DA:103,36
DA:104,42
DA:109,36
DA:110,0
DA:116,236
LF:24
LH:20
BRDA:89,0,0,0
BRDA:89,0,1,17
BRDA:134,1,0,24
BRDA:134,1,1,212
BRDA:145,2,0,42
BRDA:145,2,1,194
BRDA:157,3,0,0
BRDA:157,3,1,236
BRF:8
BRH:6
end_of_record
TN:
SF:src\components\Utilities\Type\CreateType\index.js
FN:13,(anonymous_0)
FN:28,(anonymous_1)
FN:31,(anonymous_2)
FN:49,(anonymous_3)
FN:63,(anonymous_4)
FN:81,(anonymous_5)
FN:95,(anonymous_6)
FN:109,(anonymous_7)
FN:128,(anonymous_8)
FN:136,(anonymous_9)
FN:151,(anonymous_10)
FN:161,(anonymous_11)
FN:168,(anonymous_12)
FN:177,(anonymous_13)
FN:188,(anonymous_14)
FN:195,(anonymous_15)
FN:216,(anonymous_16)
FN:249,(anonymous_17)
FNF:18
FNH:13
FNDA:78,(anonymous_0)
FNDA:33,(anonymous_1)
FNDA:24,(anonymous_2)
FNDA:0,(anonymous_3)
FNDA:24,(anonymous_4)
FNDA:42,(anonymous_5)
FNDA:0,(anonymous_6)
FNDA:42,(anonymous_7)
FNDA:0,(anonymous_8)
FNDA:0,(anonymous_9)
FNDA:0,(anonymous_10)
FNDA:33,(anonymous_11)
FNDA:33,(anonymous_12)
FNDA:66,(anonymous_13)
FNDA:297,(anonymous_14)
FNDA:990,(anonymous_15)
FNDA:66,(anonymous_16)
FNDA:6720,(anonymous_17)
DA:10,35
DA:14,78
DA:15,66
DA:29,33
DA:32,24
DA:36,24
DA:50,0
DA:51,0
DA:56,0
DA:61,0
DA:64,24
DA:65,24
DA:66,24
DA:67,0
DA:74,24
DA:77,24
DA:78,0
DA:82,42
DA:96,0
DA:97,0
DA:102,0
DA:107,0
DA:110,42
DA:111,42
DA:112,42
DA:114,42
DA:121,0
DA:124,42
DA:125,0
DA:129,0
DA:137,0
DA:138,0
DA:143,0
DA:148,0
DA:152,0
DA:153,0
DA:154,0
DA:155,0
DA:157,0
DA:158,0
DA:162,33
DA:169,33
DA:170,33
DA:173,33
DA:174,0
DA:177,66
DA:178,66
DA:179,24
DA:180,42
DA:181,42
DA:183,0
DA:186,66
DA:188,66
DA:189,297
DA:190,264
DA:192,297
DA:196,990
DA:197,990
DA:198,990
DA:199,990
DA:200,990
DA:201,990
DA:205,990
DA:216,66
DA:250,6720
LF:65
LH:40
BRDA:16,0,0,24
BRDA:16,0,1,42
BRDA:50,1,0,0
BRDA:50,1,1,0
BRDA:66,2,0,0
BRDA:66,2,1,24
BRDA:69,3,0,0
BRDA:69,3,1,0
BRDA:71,4,0,0
BRDA:71,4,1,0
BRDA:77,5,0,0
BRDA:77,5,1,24
BRDA:96,6,0,0
BRDA:96,6,1,0
BRDA:112,7,0,42
BRDA:112,7,1,0
BRDA:116,8,0,42
BRDA:116,8,1,0
BRDA:118,9,0,0
BRDA:118,9,1,42
BRDA:124,10,0,0
BRDA:124,10,1,42
BRDA:137,11,0,0
BRDA:137,11,1,0
BRDA:157,12,0,0
BRDA:157,12,1,0
BRDA:173,13,0,0
BRDA:173,13,1,33
BRDA:178,14,0,24
BRDA:178,14,1,42
BRDA:180,15,0,42
BRDA:180,15,1,0
BRDA:189,16,0,264
BRDA:189,16,1,33
BRDA:202,17,0,360
BRDA:202,17,1,630
BRDA:224,18,0,360
BRDA:224,18,1,630
BRDA:237,19,0,360
BRDA:237,19,1,630
BRDA:258,20,0,0
BRDA:258,20,1,990
BRF:42
BRH:21
end_of_record
TN:
SF:src\constants\routes.js
FNF:0
FNH:0
DA:1,35
DA:6,35
DA:7,35
DA:8,35
DA:9,35
DA:10,35
DA:11,35
DA:12,35
DA:13,35
DA:14,35
DA:15,35
DA:16,35
DA:17,35
DA:18,35
DA:19,35
DA:20,35
DA:21,35
DA:22,35
DA:23,35
DA:24,35
DA:25,35
DA:26,35
DA:27,35
DA:28,35
DA:29,35
DA:30,35
DA:31,35
DA:32,35
DA:33,35
DA:34,35
DA:35,35
DA:36,35
DA:37,35
DA:38,35
DA:39,35
DA:40,35
DA:41,35
DA:42,35
DA:43,35
DA:44,35
DA:45,35
DA:46,35
DA:47,35
LF:43
LH:43
BRF:0
BRH:0
end_of_record
TN:
SF:src\constants\theme.js
FNF:0
FNH:0
DA:1,35
DA:2,35
DA:3,35
DA:4,35
DA:5,35
DA:6,35
DA:7,35
DA:8,35
DA:9,35
DA:10,35
DA:11,35
DA:12,35
DA:13,35
DA:14,35
DA:15,35
LF:15
LH:15
BRF:0
BRH:0
end_of_record
TN:
SF:src\css\canvasjs.min.js
FN:12,(anonymous_0)
FN:12,na
FN:12,cb
FN:12,m
FN:12,Va
FN:13,Y
FN:13,Ea
FN:13,Aa
FN:13,(anonymous_8)
FN:14,Pa
FN:14,Q
FN:14,db
FN:15,s
FN:15,Ba
FN:15,eb
FN:15,(anonymous_15)
FN:15,Wa
FN:16,N
FN:17,J
FN:17,(anonymous_19)
FN:17,(anonymous_20)
FN:17,(anonymous_21)
FN:18,gb
FN:18,(anonymous_23)
FN:18,(anonymous_24)
FN:19,(anonymous_25)
FN:19,(anonymous_26)
FN:21,(anonymous_27)
FN:21,(anonymous_28)
FN:22,(anonymous_29)
FN:22,(anonymous_30)
FN:22,(anonymous_31)
FN:23,(anonymous_32)
FN:23,(anonymous_33)
FN:23,(anonymous_34)
FN:24,(anonymous_35)
FN:24,(anonymous_36)
FN:24,(anonymous_37)
FN:25,(anonymous_38)
FN:25,(anonymous_39)
FN:25,Ya
FN:26,ka
FN:26,La
FN:26,hb
FN:28,sa
FN:29,oa
FN:29,ua
FN:30,Ka
FN:30,ta
FN:31,Ra
FN:31,V
FN:32,Ca
FN:33,ia
FN:33,Sa
FN:33,xa
FN:35,Ha
FN:35,Ta
FN:36,Ia
FN:80,(anonymous_58)
FN:80,(anonymous_59)
FN:81,(anonymous_60)
FN:82,(anonymous_61)
FN:82,(anonymous_62)
FN:83,(anonymous_63)
FN:83,(anonymous_64)
FN:83,(anonymous_65)
FN:84,(anonymous_66)
FN:85,(anonymous_67)
FN:87,(anonymous_68)
FN:90,(anonymous_69)
FN:91,(anonymous_70)
FN:91,(anonymous_71)
FN:92,(anonymous_72)
FN:95,(anonymous_73)
FN:100,(anonymous_74)
FN:100,(anonymous_75)
FN:101,(anonymous_76)
FN:102,(anonymous_77)
FN:103,(anonymous_78)
FN:105,(anonymous_79)
FN:105,(anonymous_80)
FN:107,(anonymous_81)
FN:107,(anonymous_82)
FN:107,(anonymous_83)
FN:107,(anonymous_84)
FN:108,(anonymous_85)
FN:108,(anonymous_86)
FN:108,(anonymous_87)
FN:109,(anonymous_88)
FN:109,(anonymous_89)
FN:110,(anonymous_90)
FN:110,(anonymous_91)
FN:110,(anonymous_92)
FN:111,(anonymous_93)
FN:113,(anonymous_94)
FN:114,(anonymous_95)
FN:114,(anonymous_96)
FN:115,(anonymous_97)
FN:116,(anonymous_98)
FN:117,(anonymous_99)
FN:122,(anonymous_100)
FN:122,(anonymous_101)
FN:123,(anonymous_102)
FN:123,(anonymous_103)
FN:123,(anonymous_104)
FN:123,(anonymous_105)
FN:123,(anonymous_106)
FN:123,(anonymous_107)
FN:124,(anonymous_108)
FN:124,(anonymous_109)
FN:124,h
FN:124,m
FN:131,(anonymous_112)
FN:131,(anonymous_113)
FN:132,(anonymous_114)
FN:132,(anonymous_115)
FN:132,(anonymous_116)
FN:132,(anonymous_117)
FN:133,(anonymous_118)
FN:133,(anonymous_119)
FN:133,(anonymous_120)
FN:133,(anonymous_121)
FN:134,w
FN:135,y
FN:137,E
FN:138,H
FN:140,D
FN:146,Z
FN:148,(anonymous_128)
FN:149,U
FN:152,M
FN:153,$
FN:153,Y
FN:154,da
FN:154,ha
FN:155,(anonymous_135)
FN:156,(anonymous_136)
FN:159,(anonymous_137)
FN:159,(anonymous_138)
FN:159,(anonymous_139)
FN:160,(anonymous_140)
FN:161,(anonymous_141)
FN:161,(anonymous_142)
FN:165,(anonymous_143)
FN:165,(anonymous_144)
FN:168,(anonymous_145)
FN:169,(anonymous_146)
FN:173,(anonymous_147)
FN:177,(anonymous_148)
FN:193,(anonymous_149)
FN:199,(anonymous_150)
FN:200,(anonymous_151)
FN:202,(anonymous_152)
FN:202,(anonymous_153)
FN:203,(anonymous_154)
FN:203,(anonymous_155)
FN:206,(anonymous_156)
FN:207,(anonymous_157)
FN:209,(anonymous_158)
FN:213,(anonymous_159)
FN:219,(anonymous_160)
FN:224,(anonymous_161)
FN:228,(anonymous_162)
FN:235,(anonymous_163)
FN:235,a
FN:235,d
FN:238,c
FN:244,(anonymous_167)
FN:245,(anonymous_168)
FN:245,(anonymous_169)
FN:247,(anonymous_170)
FN:248,(anonymous_171)
FN:249,(anonymous_172)
FN:249,(anonymous_173)
FN:249,(anonymous_174)
FN:252,(anonymous_175)
FN:254,(anonymous_176)
FN:260,(anonymous_177)
FN:260,(anonymous_178)
FN:266,(anonymous_179)
FN:268,(anonymous_180)
FN:268,(anonymous_181)
FN:272,(anonymous_182)
FN:273,(anonymous_183)
FN:275,(anonymous_184)
FN:277,(anonymous_185)
FN:290,(anonymous_186)
FN:296,(anonymous_187)
FN:302,(anonymous_188)
FN:302,d
FN:309,(anonymous_190)
FN:316,(anonymous_191)
FN:323,(anonymous_192)
FN:330,(anonymous_193)
FN:336,(anonymous_194)
FN:343,(anonymous_195)
FN:350,(anonymous_196)
FN:350,b
FN:357,(anonymous_198)
FN:357,d
FN:366,(anonymous_200)
FN:366,b
FN:373,(anonymous_202)
FN:373,d
FN:381,(anonymous_204)
FN:381,d
FN:389,(anonymous_206)
FN:394,(anonymous_207)
FN:398,(anonymous_208)
FN:406,(anonymous_209)
FN:417,(anonymous_210)
FN:423,(anonymous_211)
FN:434,(anonymous_212)
FN:441,(anonymous_213)
FN:441,d
FN:449,(anonymous_215)
FN:449,d
FN:459,(anonymous_217)
FN:467,(anonymous_218)
FN:468,(anonymous_219)
FN:468,d
FN:475,c
FN:479,b
FN:479,e
FN:480,f
FN:485,l
FN:490,(anonymous_226)
FN:490,(anonymous_227)
FN:490,(anonymous_228)
FN:492,h
FN:495,(anonymous_230)
FN:495,(anonymous_231)
FN:495,(anonymous_232)
FN:497,(anonymous_233)
FN:497,(anonymous_234)
FN:497,(anonymous_235)
FN:498,(anonymous_236)
FN:498,d
FN:498,c
FN:500,b
FN:505,e
FN:507,f
FN:509,l
FN:509,a
FN:509,b
FN:511,c
FN:511,(anonymous_246)
FN:512,h
FN:512,m
FN:513,(anonymous_249)
FN:513,(anonymous_250)
FN:513,(anonymous_251)
FN:514,(anonymous_252)
FN:514,(anonymous_253)
FN:515,k
FN:515,n
FN:516,p
FN:516,q
FN:516,g
FN:517,r
FN:517,w
FN:525,(anonymous_261)
FN:525,(anonymous_262)
FN:526,(anonymous_263)
FN:526,(anonymous_264)
FN:527,(anonymous_265)
FN:527,(anonymous_266)
FN:529,(anonymous_267)
FN:530,(anonymous_268)
FN:530,(anonymous_269)
FN:530,(anonymous_270)
FN:531,(anonymous_271)
FN:533,(anonymous_272)
FN:536,(anonymous_273)
FN:549,(anonymous_274)
FN:554,(anonymous_275)
FN:556,(anonymous_276)
FN:557,(anonymous_277)
FN:559,(anonymous_278)
FN:568,(anonymous_279)
FN:569,(anonymous_280)
FN:570,(anonymous_281)
FN:614,(anonymous_282)
FN:616,(anonymous_283)
FN:619,(anonymous_284)
FN:657,(anonymous_285)
FN:662,(anonymous_286)
FN:663,(anonymous_287)
FN:664,(anonymous_288)
FN:666,(anonymous_289)
FN:670,(anonymous_290)
FN:673,(anonymous_291)
FN:677,(anonymous_292)
FN:681,(anonymous_293)
FN:685,(anonymous_294)
FN:687,(anonymous_295)
FN:688,(anonymous_296)
FN:689,(anonymous_297)
FN:703,(anonymous_298)
FN:703,(anonymous_299)
FN:704,(anonymous_300)
FN:705,(anonymous_301)
FN:707,(anonymous_302)
FN:707,(anonymous_303)
FN:708,(anonymous_304)
FN:710,(anonymous_305)
FN:714,(anonymous_306)
FN:715,(anonymous_307)
FN:725,(anonymous_308)
FN:726,(anonymous_309)
FN:729,(anonymous_310)
FN:729,(anonymous_311)
FN:730,(anonymous_312)
FN:736,(anonymous_313)
FN:758,(anonymous_314)
FN:775,(anonymous_315)
FN:775,(anonymous_316)
FN:776,(anonymous_317)
FN:776,(anonymous_318)
FN:779,(anonymous_319)
FN:780,(anonymous_320)
FN:787,(anonymous_321)
FN:787,(anonymous_322)
FN:789,(anonymous_323)
FN:795,(anonymous_324)
FN:796,(anonymous_325)
FN:800,(anonymous_326)
FN:814,(anonymous_327)
FN:818,(anonymous_328)
FN:844,(anonymous_329)
FN:847,(anonymous_330)
FN:847,(anonymous_331)
FN:851,(anonymous_332)
FN:864,(anonymous_333)
FN:872,(anonymous_334)
FN:886,(anonymous_335)
FN:886,(anonymous_336)
FN:887,(anonymous_337)
FN:887,(anonymous_338)
FN:887,(anonymous_339)
FN:887,(anonymous_340)
FN:896,(anonymous_341)
FN:897,(anonymous_342)
FN:897,(anonymous_343)
FN:898,(anonymous_344)
FN:898,(anonymous_345)
FN:902,(anonymous_346)
FN:903,(anonymous_347)
FN:904,(anonymous_348)
FN:904,(anonymous_349)
FN:905,(anonymous_350)
FN:905,(anonymous_351)
FN:905,(anonymous_352)
FN:906,(anonymous_353)
FN:906,(anonymous_354)
FN:906,(anonymous_355)
FN:906,(anonymous_356)
FN:906,(anonymous_357)
FN:906,(anonymous_358)
FN:906,(anonymous_359)
FN:908,(anonymous_360)
FN:917,(anonymous_361)
FN:917,V
FN:917,W
FN:917,(anonymous_364)
FN:917,N
FN:917,O
FN:918,X
FN:919,Y
FN:919,D
FN:919,t
FN:919,P
FN:920,Q
FN:920,E
FN:920,F
FN:921,G
FN:922,C
FN:923,R
FN:923,S
FN:924,T
FN:925,(anonymous_380)
FN:926,s
FN:926,z
FN:927,w
FN:927,I
FN:928,A
FN:928,(anonymous_386)
FN:928,(anonymous_387)
FN:928,(anonymous_388)
FN:935,(anonymous_389)
FN:935,(anonymous_390)
FN:935,(anonymous_391)
FN:935,(anonymous_392)
FN:936,(anonymous_393)
FN:936,(anonymous_394)
FN:936,(anonymous_395)
FN:937,(anonymous_396)
FN:937,(anonymous_397)
FN:937,(anonymous_398)
FN:938,(anonymous_399)
FN:938,(anonymous_400)
FN:938,(anonymous_401)
FN:941,(anonymous_402)
FN:943,(anonymous_403)
FN:943,(anonymous_404)
FN:943,(anonymous_405)
FN:944,(anonymous_406)
FN:944,(anonymous_407)
FN:944,(anonymous_408)
FN:944,(anonymous_409)
FN:944,(anonymous_410)
FN:945,(anonymous_411)
FN:945,(anonymous_412)
FN:948,(anonymous_413)
FN:948,(anonymous_414)
FN:949,(anonymous_415)
FN:949,(anonymous_416)
FN:950,(anonymous_417)
FN:950,(anonymous_418)
FN:950,(anonymous_419)
FNF:420
FNH:13
FNDA:35,(anonymous_0)
FNDA:490,na
FNDA:490,cb
FNDA:490,m
FNDA:0,Va
FNDA:0,Y
FNDA:0,Ea
FNDA:0,Aa
FNDA:0,(anonymous_8)
FNDA:0,Pa
FNDA:0,Q
FNDA:0,db
FNDA:0,s
FNDA:35,Ba
FNDA:0,eb
FNDA:0,(anonymous_15)
FNDA:0,Wa
FNDA:0,N
FNDA:0,J
FNDA:0,(anonymous_19)
FNDA:0,(anonymous_20)
FNDA:0,(anonymous_21)
FNDA:0,gb
FNDA:0,(anonymous_23)
FNDA:0,(anonymous_24)
FNDA:0,(anonymous_25)
FNDA:0,(anonymous_26)
FNDA:0,(anonymous_27)
FNDA:0,(anonymous_28)
FNDA:0,(anonymous_29)
FNDA:0,(anonymous_30)
FNDA:0,(anonymous_31)
FNDA:0,(anonymous_32)
FNDA:0,(anonymous_33)
FNDA:0,(anonymous_34)
FNDA:0,(anonymous_35)
FNDA:0,(anonymous_36)
FNDA:0,(anonymous_37)
FNDA:0,(anonymous_38)
FNDA:0,(anonymous_39)
FNDA:0,Ya
FNDA:0,ka
FNDA:0,La
FNDA:0,hb
FNDA:0,sa
FNDA:0,oa
FNDA:0,ua
FNDA:0,Ka
FNDA:0,ta
FNDA:0,Ra
FNDA:0,V
FNDA:0,Ca
FNDA:0,ia
FNDA:0,Sa
FNDA:0,xa
FNDA:0,Ha
FNDA:0,Ta
FNDA:0,Ia
FNDA:35,(anonymous_58)
FNDA:140,(anonymous_59)
FNDA:0,(anonymous_60)
FNDA:35,(anonymous_61)
FNDA:35,(anonymous_62)
FNDA:0,(anonymous_63)
FNDA:0,(anonymous_64)
FNDA:35,(anonymous_65)
FNDA:0,(anonymous_66)
FNDA:0,(anonymous_67)
FNDA:0,(anonymous_68)
FNDA:0,(anonymous_69)
FNDA:0,(anonymous_70)
FNDA:0,(anonymous_71)
FNDA:0,(anonymous_72)
FNDA:315,(anonymous_73)
FNDA:0,(anonymous_74)
FNDA:0,(anonymous_75)
FNDA:0,(anonymous_76)
FNDA:0,(anonymous_77)
FNDA:0,(anonymous_78)
FNDA:0,(anonymous_79)
FNDA:0,(anonymous_80)
FNDA:0,(anonymous_81)
FNDA:0,(anonymous_82)
FNDA:0,(anonymous_83)
FNDA:0,(anonymous_84)
FNDA:0,(anonymous_85)
FNDA:0,(anonymous_86)
FNDA:0,(anonymous_87)
FNDA:0,(anonymous_88)
FNDA:0,(anonymous_89)
FNDA:0,(anonymous_90)
FNDA:0,(anonymous_91)
FNDA:0,(anonymous_92)
FNDA:0,(anonymous_93)
FNDA:0,(anonymous_94)
FNDA:0,(anonymous_95)
FNDA:0,(anonymous_96)
FNDA:0,(anonymous_97)
FNDA:0,(anonymous_98)
FNDA:0,(anonymous_99)
FNDA:0,(anonymous_100)
FNDA:0,(anonymous_101)
FNDA:0,(anonymous_102)
FNDA:0,(anonymous_103)
FNDA:0,(anonymous_104)
FNDA:0,(anonymous_105)
FNDA:0,(anonymous_106)
FNDA:0,(anonymous_107)
FNDA:0,(anonymous_108)
FNDA:35,(anonymous_109)
FNDA:0,h
FNDA:0,m
FNDA:0,(anonymous_112)
FNDA:0,(anonymous_113)
FNDA:0,(anonymous_114)
FNDA:0,(anonymous_115)
FNDA:0,(anonymous_116)
FNDA:0,(anonymous_117)
FNDA:0,(anonymous_118)
FNDA:0,(anonymous_119)
FNDA:0,(anonymous_120)
FNDA:0,(anonymous_121)
FNDA:0,w
FNDA:0,y
FNDA:0,E
FNDA:0,H
FNDA:0,D
FNDA:0,Z
FNDA:0,(anonymous_128)
FNDA:0,U
FNDA:0,M
FNDA:0,$
FNDA:0,Y
FNDA:0,da
FNDA:0,ha
FNDA:0,(anonymous_135)
FNDA:0,(anonymous_136)
FNDA:0,(anonymous_137)
FNDA:0,(anonymous_138)
FNDA:0,(anonymous_139)
FNDA:0,(anonymous_140)
FNDA:0,(anonymous_141)
FNDA:0,(anonymous_142)
FNDA:0,(anonymous_143)
FNDA:0,(anonymous_144)
FNDA:0,(anonymous_145)
FNDA:0,(anonymous_146)
FNDA:0,(anonymous_147)
FNDA:0,(anonymous_148)
FNDA:0,(anonymous_149)
FNDA:0,(anonymous_150)
FNDA:0,(anonymous_151)
FNDA:0,(anonymous_152)
FNDA:0,(anonymous_153)
FNDA:0,(anonymous_154)
FNDA:0,(anonymous_155)
FNDA:0,(anonymous_156)
FNDA:0,(anonymous_157)
FNDA:0,(anonymous_158)
FNDA:0,(anonymous_159)
FNDA:0,(anonymous_160)
FNDA:0,(anonymous_161)
FNDA:0,(anonymous_162)
FNDA:0,(anonymous_163)
FNDA:0,a
FNDA:0,d
FNDA:0,c
FNDA:0,(anonymous_167)
FNDA:0,(anonymous_168)
FNDA:0,(anonymous_169)
FNDA:0,(anonymous_170)
FNDA:0,(anonymous_171)
FNDA:0,(anonymous_172)
FNDA:0,(anonymous_173)
FNDA:0,(anonymous_174)
FNDA:0,(anonymous_175)
FNDA:0,(anonymous_176)
FNDA:0,(anonymous_177)
FNDA:0,(anonymous_178)
FNDA:0,(anonymous_179)
FNDA:0,(anonymous_180)
FNDA:0,(anonymous_181)
FNDA:0,(anonymous_182)
FNDA:0,(anonymous_183)
FNDA:0,(anonymous_184)
FNDA:0,(anonymous_185)
FNDA:0,(anonymous_186)
FNDA:0,(anonymous_187)
FNDA:0,(anonymous_188)
FNDA:0,d
FNDA:0,(anonymous_190)
FNDA:0,(anonymous_191)
FNDA:0,(anonymous_192)
FNDA:0,(anonymous_193)
FNDA:0,(anonymous_194)
FNDA:0,(anonymous_195)
FNDA:0,(anonymous_196)
FNDA:0,b
FNDA:0,(anonymous_198)
FNDA:0,d
FNDA:0,(anonymous_200)
FNDA:0,b
FNDA:0,(anonymous_202)
FNDA:0,d
FNDA:0,(anonymous_204)
FNDA:0,d
FNDA:0,(anonymous_206)
FNDA:0,(anonymous_207)
FNDA:0,(anonymous_208)
FNDA:0,(anonymous_209)
FNDA:0,(anonymous_210)
FNDA:0,(anonymous_211)
FNDA:0,(anonymous_212)
FNDA:0,(anonymous_213)
FNDA:0,d
FNDA:0,(anonymous_215)
FNDA:0,d
FNDA:0,(anonymous_217)
FNDA:0,(anonymous_218)
FNDA:0,(anonymous_219)
FNDA:0,d
FNDA:0,c
FNDA:0,b
FNDA:0,e
FNDA:0,f
FNDA:0,l
FNDA:0,(anonymous_226)
FNDA:0,(anonymous_227)
FNDA:0,(anonymous_228)
FNDA:0,h
FNDA:0,(anonymous_230)
FNDA:0,(anonymous_231)
FNDA:0,(anonymous_232)
FNDA:0,(anonymous_233)
FNDA:0,(anonymous_234)
FNDA:0,(anonymous_235)
FNDA:0,(anonymous_236)
FNDA:0,d
FNDA:0,c
FNDA:0,b
FNDA:0,e
FNDA:0,f
FNDA:0,l
FNDA:0,a
FNDA:0,b
FNDA:0,c
FNDA:0,(anonymous_246)
FNDA:0,h
FNDA:0,m
FNDA:0,(anonymous_249)
FNDA:0,(anonymous_250)
FNDA:0,(anonymous_251)
FNDA:0,(anonymous_252)
FNDA:0,(anonymous_253)
FNDA:0,k
FNDA:0,n
FNDA:0,p
FNDA:0,q
FNDA:0,g
FNDA:0,r
FNDA:0,w
FNDA:0,(anonymous_261)
FNDA:0,(anonymous_262)
FNDA:35,(anonymous_263)
FNDA:0,(anonymous_264)
FNDA:0,(anonymous_265)
FNDA:0,(anonymous_266)
FNDA:0,(anonymous_267)
FNDA:0,(anonymous_268)
FNDA:0,(anonymous_269)
FNDA:0,(anonymous_270)
FNDA:0,(anonymous_271)
FNDA:0,(anonymous_272)
FNDA:0,(anonymous_273)
FNDA:0,(anonymous_274)
FNDA:0,(anonymous_275)
FNDA:0,(anonymous_276)
FNDA:0,(anonymous_277)
FNDA:0,(anonymous_278)
FNDA:0,(anonymous_279)
FNDA:0,(anonymous_280)
FNDA:0,(anonymous_281)
FNDA:0,(anonymous_282)
FNDA:0,(anonymous_283)
FNDA:0,(anonymous_284)
FNDA:0,(anonymous_285)
FNDA:0,(anonymous_286)
FNDA:0,(anonymous_287)
FNDA:0,(anonymous_288)
FNDA:0,(anonymous_289)
FNDA:0,(anonymous_290)
FNDA:0,(anonymous_291)
FNDA:0,(anonymous_292)
FNDA:0,(anonymous_293)
FNDA:0,(anonymous_294)
FNDA:0,(anonymous_295)
FNDA:0,(anonymous_296)
FNDA:0,(anonymous_297)
FNDA:0,(anonymous_298)
FNDA:0,(anonymous_299)
FNDA:0,(anonymous_300)
FNDA:0,(anonymous_301)
FNDA:0,(anonymous_302)
FNDA:0,(anonymous_303)
FNDA:0,(anonymous_304)
FNDA:0,(anonymous_305)
FNDA:0,(anonymous_306)
FNDA:0,(anonymous_307)
FNDA:0,(anonymous_308)
FNDA:0,(anonymous_309)
FNDA:0,(anonymous_310)
FNDA:0,(anonymous_311)
FNDA:0,(anonymous_312)
FNDA:0,(anonymous_313)
FNDA:0,(anonymous_314)
FNDA:0,(anonymous_315)
FNDA:0,(anonymous_316)
FNDA:0,(anonymous_317)
FNDA:0,(anonymous_318)
FNDA:0,(anonymous_319)
FNDA:0,(anonymous_320)
FNDA:0,(anonymous_321)
FNDA:0,(anonymous_322)
FNDA:0,(anonymous_323)
FNDA:0,(anonymous_324)
FNDA:0,(anonymous_325)
FNDA:0,(anonymous_326)
FNDA:0,(anonymous_327)
FNDA:0,(anonymous_328)
FNDA:0,(anonymous_329)
FNDA:0,(anonymous_330)
FNDA:0,(anonymous_331)
FNDA:0,(anonymous_332)
FNDA:0,(anonymous_333)
FNDA:0,(anonymous_334)
FNDA:0,(anonymous_335)
FNDA:0,(anonymous_336)
FNDA:0,(anonymous_337)
FNDA:0,(anonymous_338)
FNDA:0,(anonymous_339)
FNDA:0,(anonymous_340)
FNDA:0,(anonymous_341)
FNDA:0,(anonymous_342)
FNDA:0,(anonymous_343)
FNDA:0,(anonymous_344)
FNDA:0,(anonymous_345)
FNDA:0,(anonymous_346)
FNDA:0,(anonymous_347)
FNDA:0,(anonymous_348)
FNDA:0,(anonymous_349)
FNDA:0,(anonymous_350)
FNDA:0,(anonymous_351)
FNDA:0,(anonymous_352)
FNDA:0,(anonymous_353)
FNDA:0,(anonymous_354)
FNDA:0,(anonymous_355)
FNDA:0,(anonymous_356)
FNDA:0,(anonymous_357)
FNDA:0,(anonymous_358)
FNDA:0,(anonymous_359)
FNDA:0,(anonymous_360)
FNDA:0,(anonymous_361)
FNDA:0,V
FNDA:0,W
FNDA:0,(anonymous_364)
FNDA:0,N
FNDA:0,O
FNDA:0,X
FNDA:0,Y
FNDA:0,D
FNDA:0,t
FNDA:0,P
FNDA:0,Q
FNDA:0,E
FNDA:0,F
FNDA:0,G
FNDA:0,C
FNDA:0,R
FNDA:0,S
FNDA:0,T
FNDA:0,(anonymous_380)
FNDA:0,s
FNDA:0,z
FNDA:0,w
FNDA:0,I
FNDA:0,A
FNDA:0,(anonymous_386)
FNDA:0,(anonymous_387)
FNDA:0,(anonymous_388)
FNDA:0,(anonymous_389)
FNDA:0,(anonymous_390)
FNDA:0,(anonymous_391)
FNDA:0,(anonymous_392)
FNDA:0,(anonymous_393)
FNDA:0,(anonymous_394)
FNDA:0,(anonymous_395)
FNDA:0,(anonymous_396)
FNDA:0,(anonymous_397)
FNDA:0,(anonymous_398)
FNDA:0,(anonymous_399)
FNDA:0,(anonymous_400)
FNDA:0,(anonymous_401)
FNDA:0,(anonymous_402)
FNDA:0,(anonymous_403)
FNDA:0,(anonymous_404)
FNDA:0,(anonymous_405)
FNDA:0,(anonymous_406)
FNDA:0,(anonymous_407)
FNDA:0,(anonymous_408)
FNDA:0,(anonymous_409)
FNDA:0,(anonymous_410)
FNDA:0,(anonymous_411)
FNDA:0,(anonymous_412)
FNDA:0,(anonymous_413)
FNDA:0,(anonymous_414)
FNDA:0,(anonymous_415)
FNDA:0,(anonymous_416)
FNDA:0,(anonymous_417)
FNDA:0,(anonymous_418)
FNDA:0,(anonymous_419)
DA:12,490
DA:13,0
DA:14,0
DA:15,35
DA:16,0
DA:17,0
DA:18,0
DA:19,0
DA:20,0
DA:21,0
DA:22,0
DA:23,0
DA:24,0
DA:25,0
DA:26,0
DA:27,0
DA:28,0
DA:29,0
DA:30,0
DA:31,0
DA:32,0
DA:33,0
DA:34,0
DA:35,0
DA:36,35
DA:52,35
DA:53,35
DA:59,35
DA:66,35
DA:73,35
DA:80,1050
DA:81,35
DA:82,35
DA:83,35
DA:84,35
DA:85,0
DA:86,0
DA:87,35
DA:88,0
DA:89,0
DA:90,0
DA:91,35
DA:92,35
DA:93,0
DA:94,0
DA:95,2695
DA:96,35
DA:100,35
DA:101,35
DA:102,35
DA:103,35
DA:104,0
DA:105,35
DA:106,0
DA:107,35
DA:108,35
DA:109,35
DA:110,35
DA:111,35
DA:112,0
DA:113,35
DA:114,35
DA:115,35
DA:116,35
DA:117,35
DA:118,0
DA:119,0
DA:120,0
DA:121,0
DA:122,35
DA:123,35
DA:124,35
DA:125,0
DA:126,0
DA:131,0
DA:132,0
DA:133,0
DA:134,0
DA:135,0
DA:136,0
DA:137,0
DA:138,0
DA:139,0
DA:140,0
DA:141,0
DA:142,0
DA:143,0
DA:144,0
DA:145,0
DA:146,0
DA:147,0
DA:148,0
DA:149,0
DA:150,0
DA:151,0
DA:152,0
DA:153,0
DA:154,0
DA:155,35
DA:156,35
DA:157,0
DA:158,0
DA:159,0
DA:160,0
DA:161,0
DA:162,0
DA:163,0
DA:164,0
DA:165,0
DA:166,0
DA:167,0
DA:168,35
DA:169,35
DA:170,0
DA:171,0
DA:172,0
DA:173,0
DA:174,0
DA:176,35
DA:177,35
DA:178,0
DA:179,0
DA:180,0
DA:181,0
DA:182,0
DA:183,0
DA:184,0
DA:185,0
DA:186,0
DA:187,0
DA:188,0
DA:189,0
DA:190,0
DA:191,0
DA:192,35
DA:193,0
DA:194,0
DA:195,0
DA:198,0
DA:199,0
DA:200,0
DA:201,0
DA:202,35
DA:203,35
DA:204,0
DA:206,35
DA:207,35
DA:208,35
DA:209,0
DA:210,0
DA:211,0
DA:212,0
DA:213,35
DA:214,0
DA:215,0
DA:216,0
DA:217,0
DA:218,35
DA:219,0
DA:220,0
DA:221,0
DA:222,0
DA:223,0
DA:224,35
DA:225,0
DA:226,0
DA:227,0
DA:228,35
DA:229,0
DA:230,0
DA:232,0
DA:234,0
DA:235,35
DA:236,0
DA:237,0
DA:238,0
DA:239,0
DA:240,0
DA:241,0
DA:242,0
DA:243,0
DA:244,0
DA:245,35
DA:246,0
DA:247,35
DA:248,35
DA:249,35
DA:250,0
DA:251,0
DA:252,35
DA:253,0
DA:254,35
DA:255,0
DA:256,0
DA:257,0
DA:258,0
DA:259,0
DA:260,35
DA:261,0
DA:262,0
DA:263,0
DA:265,0
DA:266,35
DA:267,0
DA:268,0
DA:269,0
DA:270,0
DA:271,0
DA:272,35
DA:273,35
DA:274,0
DA:275,35
DA:276,0
DA:277,35
DA:278,0
DA:279,0
DA:280,0
DA:281,0
DA:282,0
DA:283,0
DA:284,0
DA:285,0
DA:286,0
DA:288,0
DA:289,0
DA:290,35
DA:291,0
DA:292,0
DA:293,0
DA:294,0
DA:295,0
DA:296,35
DA:297,0
DA:298,0
DA:299,0
DA:300,0
DA:301,0
DA:302,35
DA:303,0
DA:304,0
DA:305,0
DA:306,0
DA:307,0
DA:308,0
DA:309,35
DA:310,0
DA:311,0
DA:312,0
DA:313,0
DA:314,0
DA:315,0
DA:316,35
DA:317,0
DA:318,0
DA:319,0
DA:320,0
DA:321,0
DA:322,0
DA:323,35
DA:324,0
DA:325,0
DA:326,0
DA:327,0
DA:328,0
DA:329,0
DA:330,35
DA:331,0
DA:332,0
DA:333,0
DA:334,0
DA:335,0
DA:336,35
DA:337,0
DA:338,0
DA:339,0
DA:340,0
DA:341,0
DA:342,0
DA:343,35
DA:344,0
DA:345,0
DA:346,0
DA:347,0
DA:348,0
DA:349,0
DA:350,35
DA:351,0
DA:352,0
DA:353,0
DA:354,0
DA:355,0
DA:356,0
DA:357,35
DA:358,0
DA:359,0
DA:360,0
DA:361,0
DA:362,0
DA:363,0
DA:364,0
DA:365,35
DA:366,0
DA:367,0
DA:368,0
DA:371,0
DA:372,0
DA:373,35
DA:374,0
DA:375,0
DA:376,0
DA:377,0
DA:378,0
DA:379,0
DA:380,0
DA:381,35
DA:382,0
DA:383,0
DA:384,0
DA:385,0
DA:386,0
DA:387,0
DA:388,0
DA:389,35
DA:390,0
DA:391,0
DA:392,0
DA:393,0
DA:394,35
DA:395,0
DA:396,0
DA:397,0
DA:398,35
DA:399,0
DA:400,0
DA:401,0
DA:402,0
DA:404,0
DA:405,0
DA:406,35
DA:407,0
DA:408,0
DA:409,0
DA:410,0
DA:411,0
DA:412,0
DA:413,0
DA:414,0
DA:415,0
DA:416,0
DA:417,35
DA:418,0
DA:419,0
DA:420,0
DA:421,0
DA:422,0
DA:423,35
DA:424,0
DA:425,0
DA:426,0
DA:427,0
DA:428,0
DA:429,0
DA:430,0
DA:431,0
DA:433,0
DA:434,35
DA:435,0
DA:436,0
DA:437,0
DA:438,0
DA:439,0
DA:440,0
DA:441,35
DA:442,0
DA:443,0
DA:444,0
DA:445,0
DA:446,0
DA:447,0
DA:448,0
DA:449,35
DA:450,0
DA:451,0
DA:452,0
DA:453,0
DA:454,0
DA:455,0
DA:456,0
DA:457,0
DA:458,0
DA:459,35
DA:460,0
DA:461,0
DA:462,0
DA:463,0
DA:464,0
DA:465,0
DA:466,0
DA:467,35
DA:468,35
DA:469,0
DA:470,0
DA:471,0
DA:472,0
DA:473,0
DA:474,0
DA:475,0
DA:476,0
DA:477,0
DA:479,0
DA:480,0
DA:481,0
DA:482,0
DA:483,0
DA:485,0
DA:486,0
DA:487,0
DA:488,0
DA:490,0
DA:491,0
DA:492,0
DA:493,0
DA:494,0
DA:495,0
DA:496,0
DA:497,35
DA:498,35
DA:499,0
DA:500,0
DA:501,0
DA:502,0
DA:503,0
DA:504,0
DA:505,0
DA:506,0
DA:507,0
DA:508,0
DA:509,0
DA:510,0
DA:511,0
DA:512,0
DA:513,0
DA:514,0
DA:515,0
DA:516,0
DA:517,0
DA:518,0
DA:519,0
DA:520,0
DA:521,0
DA:522,0
DA:523,0
DA:524,0
DA:525,0
DA:526,35
DA:527,35
DA:528,0
DA:529,35
DA:530,35
DA:531,35
DA:532,0
DA:533,0
DA:534,0
DA:535,0
DA:536,35
DA:537,0
DA:538,0
DA:539,0
DA:540,0
DA:541,0
DA:542,0
DA:543,0
DA:544,0
DA:545,0
DA:546,0
DA:547,0
DA:548,0
DA:549,35
DA:550,0
DA:551,0
DA:552,0
DA:553,0
DA:554,35
DA:555,0
DA:556,35
DA:557,35
DA:558,0
DA:559,35
DA:560,0
DA:561,0
DA:562,0
DA:563,0
DA:564,0
DA:565,0
DA:566,0
DA:567,0
DA:568,35
DA:569,35
DA:570,35
DA:571,0
DA:572,0
DA:573,0
DA:574,0
DA:575,0
DA:576,0
DA:578,0
DA:579,0
DA:581,0
DA:582,0
DA:583,0
DA:584,0
DA:586,0
DA:587,0
DA:590,0
DA:591,0
DA:592,0
DA:595,0
DA:596,0
DA:598,0
DA:599,0
DA:600,0
DA:607,0
DA:608,0
DA:610,0
DA:611,0
DA:612,0
DA:614,35
DA:615,0
DA:616,35
DA:617,0
DA:618,0
DA:619,35
DA:620,0
DA:621,0
DA:622,0
DA:623,0
DA:624,0
DA:625,0
DA:626,0
DA:629,0
DA:632,0
DA:634,0
DA:636,0
DA:637,0
DA:639,0
DA:640,0
DA:641,0
DA:642,0
DA:643,0
DA:644,0
DA:645,0
DA:646,0
DA:647,0
DA:648,0
DA:649,0
DA:650,0
DA:651,0
DA:652,0
DA:653,0
DA:654,0
DA:655,0
DA:656,0
DA:657,35
DA:658,0
DA:659,0
DA:660,0
DA:661,35
DA:662,0
DA:663,35
DA:664,35
DA:665,0
DA:666,35
DA:667,0
DA:668,0
DA:669,0
DA:670,0
DA:672,0
DA:673,0
DA:674,0
DA:677,0
DA:678,0
DA:679,0
DA:681,0
DA:682,0
DA:683,0
DA:685,0
DA:686,0
DA:687,35
DA:688,0
DA:689,35
DA:690,0
DA:691,0
DA:692,0
DA:695,0
DA:702,0
DA:703,0
DA:704,35
DA:705,35
DA:706,0
DA:707,35
DA:708,35
DA:709,0
DA:710,35
DA:711,0
DA:712,0
DA:713,0
DA:714,35
DA:715,35
DA:716,0
DA:717,0
DA:718,0
DA:719,0
DA:720,0
DA:721,0
DA:722,0
DA:723,0
DA:724,0
DA:725,35
DA:726,35
DA:727,0
DA:728,0
DA:729,35
DA:730,0
DA:732,0
DA:733,0
DA:735,0
DA:736,35
DA:737,0
DA:738,0
DA:739,0
DA:740,0
DA:741,0
DA:743,0
DA:749,0
DA:751,0
DA:752,0
DA:755,0
DA:756,0
DA:757,0
DA:758,35
DA:759,0
DA:760,0
DA:761,0
DA:764,0
DA:765,0
DA:766,0
DA:767,0
DA:772,0
DA:773,0
DA:774,0
DA:775,35
DA:776,35
DA:777,0
DA:778,0
DA:779,35
DA:780,35
DA:781,0
DA:782,0
DA:783,0
DA:784,0
DA:785,0
DA:786,0
DA:787,35
DA:788,0
DA:789,35
DA:790,0
DA:791,0
DA:792,0
DA:793,0
DA:794,0
DA:795,35
DA:796,35
DA:797,0
DA:798,0
DA:799,0
DA:800,0
DA:801,0
DA:802,0
DA:803,0
DA:804,0
DA:805,0
DA:806,0
DA:807,0
DA:808,0
DA:809,0
DA:810,0
DA:811,0
DA:812,0
DA:813,0
DA:814,0
DA:815,0
DA:816,0
DA:817,0
DA:818,0
DA:819,0
DA:820,0
DA:821,0
DA:822,0
DA:823,0
DA:824,0
DA:825,0
DA:826,0
DA:828,0
DA:829,0
DA:830,0
DA:831,0
DA:832,0
DA:833,0
DA:834,0
DA:835,0
DA:836,0
DA:837,0
DA:838,0
DA:840,0
DA:841,0
DA:842,0
DA:843,0
DA:844,35
DA:845,0
DA:846,0
DA:847,35
DA:848,0
DA:849,0
DA:850,0
DA:851,0
DA:852,0
DA:853,0
DA:854,0
DA:855,0
DA:857,0
DA:861,0
DA:862,0
DA:863,0
DA:864,35
DA:865,0
DA:872,35
DA:873,0
DA:880,0
DA:886,35
DA:887,35
DA:888,0
DA:889,0
DA:893,0
DA:894,0
DA:895,0
DA:896,35
DA:897,35
DA:898,35
DA:899,0
DA:900,0
DA:901,0
DA:902,35
DA:903,35
DA:904,35
DA:905,35
DA:906,35
DA:907,0
DA:908,0
DA:909,35
DA:917,35
DA:918,0
DA:919,0
DA:920,0
DA:921,0
DA:922,0
DA:923,0
DA:924,0
DA:925,0
DA:926,0
DA:927,0
DA:928,0
DA:929,0
DA:935,0
DA:936,0
DA:937,0
DA:938,0
DA:939,0
DA:940,0
DA:941,0
DA:942,0
DA:943,0
DA:944,0
DA:945,0
DA:946,0
DA:947,0
DA:948,0
DA:949,0
DA:950,0
DA:951,0
LF:789
LH:153
BRDA:12,0,0,0
BRDA:12,0,1,0
BRDA:12,1,0,0
BRDA:12,1,1,0
BRDA:12,2,0,0
BRDA:12,2,1,0
BRDA:12,3,0,0
BRDA:12,3,1,0
BRDA:12,4,0,0
BRDA:12,4,1,0
BRDA:12,5,0,0
BRDA:12,5,1,0
BRDA:12,6,0,0
BRDA:12,6,1,0
BRDA:12,7,0,0
BRDA:12,7,1,0
BRDA:13,8,0,0
BRDA:13,8,1,0
BRDA:13,9,0,0
BRDA:13,9,1,0
BRDA:13,10,0,0
BRDA:13,10,1,0
BRDA:13,11,0,0
BRDA:13,11,1,0
BRDA:13,12,0,0
BRDA:13,12,1,0
BRDA:13,13,0,0
BRDA:13,13,1,0
BRDA:13,14,0,0
BRDA:13,14,1,0
BRDA:14,15,0,0
BRDA:14,15,1,0
BRDA:14,16,0,0
BRDA:14,16,1,0
BRDA:14,16,2,0
BRDA:14,17,0,0
BRDA:14,17,1,0
BRDA:14,18,0,0
BRDA:14,18,1,0
BRDA:14,19,0,0
BRDA:14,19,1,0
BRDA:14,20,0,0
BRDA:14,20,1,0
BRDA:14,21,0,0
BRDA:14,21,1,0
BRDA:15,22,0,0
BRDA:15,22,1,0
BRDA:15,23,0,0
BRDA:15,23,1,0
BRDA:15,24,0,0
BRDA:15,24,1,0
BRDA:15,25,0,0
BRDA:15,25,1,0
BRDA:15,26,0,35
BRDA:15,26,1,0
BRDA:15,27,0,0
BRDA:15,27,1,0
BRDA:15,28,0,0
BRDA:15,28,1,0
BRDA:15,29,0,0
BRDA:15,29,1,0
BRDA:15,30,0,0
BRDA:15,30,1,0
BRDA:16,31,0,0
BRDA:16,31,1,0
BRDA:16,32,0,0
BRDA:16,32,1,0
BRDA:17,33,0,0
BRDA:17,33,1,0
BRDA:17,34,0,0
BRDA:17,34,1,0
BRDA:17,35,0,0
BRDA:17,35,1,0
BRDA:17,36,0,0
BRDA:17,36,1,0
BRDA:17,37,0,0
BRDA:17,37,1,0
BRDA:17,38,0,0
BRDA:17,38,1,0
BRDA:17,39,0,0
BRDA:17,39,1,0
BRDA:17,40,0,0
BRDA:17,40,1,0
BRDA:17,41,0,0
BRDA:17,41,1,0
BRDA:18,42,0,0
BRDA:18,42,1,0
BRDA:18,43,0,0
BRDA:18,43,1,0
BRDA:18,44,0,0
BRDA:18,44,1,0
BRDA:18,45,0,0
BRDA:18,45,1,0
BRDA:18,46,0,0
BRDA:18,46,1,0
BRDA:18,46,2,0
BRDA:18,46,3,0
BRDA:19,47,0,0
BRDA:19,47,1,0
BRDA:19,48,0,0
BRDA:19,48,1,0
BRDA:19,49,0,0
BRDA:19,49,1,0
BRDA:19,50,0,0
BRDA:19,50,1,0
BRDA:20,51,0,0
BRDA:20,51,1,0
BRDA:20,52,0,0
BRDA:20,52,1,0
BRDA:20,52,2,0
BRDA:20,53,0,0
BRDA:20,53,1,0
BRDA:22,54,0,0
BRDA:22,54,1,0
BRDA:22,55,0,0
BRDA:22,55,1,0
BRDA:23,56,0,0
BRDA:23,56,1,0
BRDA:23,57,0,0
BRDA:23,57,1,0
BRDA:24,58,0,0
BRDA:24,58,1,0
BRDA:25,59,0,0
BRDA:25,59,1,0
BRDA:25,60,0,0
BRDA:25,60,1,0
BRDA:25,61,0,0
BRDA:25,61,1,0
BRDA:26,62,0,0
BRDA:26,62,1,0
BRDA:26,63,0,0
BRDA:26,63,1,0
BRDA:26,64,0,0
BRDA:26,64,1,0
BRDA:26,65,0,0
BRDA:26,65,1,0
BRDA:26,65,2,0
BRDA:26,65,3,0
BRDA:26,65,4,0
BRDA:26,65,5,0
BRDA:26,66,0,0
BRDA:26,66,1,0
BRDA:26,67,0,0
BRDA:26,67,1,0
BRDA:26,68,0,0
BRDA:26,68,1,0
BRDA:27,69,0,0
BRDA:27,69,1,0
BRDA:27,70,0,0
BRDA:27,70,1,0
BRDA:27,71,0,0
BRDA:27,71,1,0
BRDA:28,72,0,0
BRDA:28,72,1,0
BRDA:28,73,0,0
BRDA:28,73,1,0
BRDA:28,73,2,0
BRDA:28,74,0,0
BRDA:28,74,1,0
BRDA:28,75,0,0
BRDA:28,75,1,0
BRDA:28,75,2,0
BRDA:28,76,0,0
BRDA:28,76,1,0
BRDA:28,77,0,0
BRDA:28,77,1,0
BRDA:28,78,0,0
BRDA:28,78,1,0
BRDA:29,79,0,0
BRDA:29,79,1,0
BRDA:29,79,2,0
BRDA:29,80,0,0
BRDA:29,80,1,0
BRDA:29,81,0,0
BRDA:29,81,1,0
BRDA:30,82,0,0
BRDA:30,82,1,0
BRDA:31,83,0,0
BRDA:31,83,1,0
BRDA:31,83,2,0
BRDA:31,84,0,0
BRDA:31,84,1,0
BRDA:31,85,0,0
BRDA:31,85,1,0
BRDA:31,86,0,0
BRDA:31,86,1,0
BRDA:31,87,0,0
BRDA:31,87,1,0
BRDA:31,88,0,0
BRDA:31,88,1,0
BRDA:31,89,0,0
BRDA:31,89,1,0
BRDA:31,90,0,0
BRDA:31,90,1,0
BRDA:31,91,0,0
BRDA:31,91,1,0
BRDA:31,91,2,0
BRDA:31,92,0,0
BRDA:31,92,1,0
BRDA:32,93,0,0
BRDA:32,93,1,0
BRDA:32,94,0,0
BRDA:32,94,1,0
BRDA:32,94,2,0
BRDA:32,94,3,0
BRDA:32,95,0,0
BRDA:32,95,1,0
BRDA:32,96,0,0
BRDA:32,96,1,0
BRDA:32,96,2,0
BRDA:32,96,3,0
BRDA:32,97,0,0
BRDA:32,97,1,0
BRDA:32,98,0,0
BRDA:32,98,1,0
BRDA:32,99,0,0
BRDA:32,99,1,0
BRDA:32,100,0,0
BRDA:32,100,1,0
BRDA:34,101,0,0
BRDA:34,101,1,0
BRDA:34,102,0,0
BRDA:34,102,1,0
BRDA:34,103,0,0
BRDA:34,103,1,0
BRDA:34,104,0,0
BRDA:34,104,1,0
BRDA:34,104,2,0
BRDA:34,104,3,0
BRDA:34,104,4,0
BRDA:34,104,5,0
BRDA:34,104,6,0
BRDA:34,105,0,0
BRDA:34,105,1,0
BRDA:35,106,0,0
BRDA:35,106,1,0
BRDA:36,107,0,0
BRDA:36,107,1,0
BRDA:36,107,2,0
BRDA:38,108,0,35
BRDA:38,108,1,0
BRDA:40,109,0,35
BRDA:40,109,1,0
BRDA:40,110,0,35
BRDA:40,110,1,0
BRDA:40,111,0,35
BRDA:40,111,1,0
BRDA:42,112,0,35
BRDA:42,112,1,0
BRDA:42,113,0,35
BRDA:42,113,1,0
BRDA:42,114,0,35
BRDA:42,114,1,0
BRDA:42,115,0,35
BRDA:42,115,1,0
BRDA:43,116,0,35
BRDA:43,116,1,0
BRDA:44,117,0,35
BRDA:44,117,1,0
BRDA:46,118,0,35
BRDA:46,118,1,0
BRDA:46,119,0,35
BRDA:46,119,1,0
BRDA:46,120,0,35
BRDA:46,120,1,0
BRDA:49,121,0,35
BRDA:49,121,1,0
BRDA:49,122,0,35
BRDA:49,122,1,0
BRDA:52,123,0,35
BRDA:52,123,1,0
BRDA:52,124,0,35
BRDA:52,124,1,0
BRDA:81,125,0,0
BRDA:81,125,1,0
BRDA:81,126,0,0
BRDA:81,126,1,0
BRDA:82,127,0,0
BRDA:82,127,1,0
BRDA:82,128,0,0
BRDA:82,128,1,0
BRDA:82,129,0,0
BRDA:82,129,1,0
BRDA:82,130,0,0
BRDA:82,130,1,0
BRDA:82,131,0,35
BRDA:82,131,1,35
BRDA:82,132,0,35
BRDA:82,132,1,35
BRDA:83,133,0,0
BRDA:83,133,1,0
BRDA:83,134,0,0
BRDA:83,134,1,0
BRDA:83,135,0,0
BRDA:83,135,1,0
BRDA:84,136,0,0
BRDA:84,136,1,0
BRDA:84,137,0,0
BRDA:84,137,1,0
BRDA:84,138,0,0
BRDA:84,138,1,0
BRDA:84,139,0,0
BRDA:84,139,1,0
BRDA:84,140,0,0
BRDA:84,140,1,0
BRDA:84,141,0,0
BRDA:84,141,1,0
BRDA:84,142,0,0
BRDA:84,142,1,0
BRDA:85,143,0,0
BRDA:85,143,1,0
BRDA:85,144,0,0
BRDA:85,144,1,0
BRDA:85,145,0,0
BRDA:85,145,1,0
BRDA:85,146,0,0
BRDA:85,146,1,0
BRDA:85,147,0,0
BRDA:85,147,1,0
BRDA:85,147,2,0
BRDA:85,147,3,0
BRDA:85,147,4,0
BRDA:85,147,5,0
BRDA:85,147,6,0
BRDA:85,147,7,0
BRDA:85,147,8,0
BRDA:85,147,9,0
BRDA:85,147,10,0
BRDA:85,147,11,0
BRDA:85,147,12,0
BRDA:85,147,13,0
BRDA:85,147,14,0
BRDA:85,147,15,0
BRDA:85,147,16,0
BRDA:85,147,17,0
BRDA:85,147,18,0
BRDA:85,147,19,0
BRDA:85,147,20,0
BRDA:85,147,21,0
BRDA:85,147,22,0
BRDA:85,147,23,0
BRDA:85,147,24,0
BRDA:85,147,25,0
BRDA:85,147,26,0
BRDA:85,147,27,0
BRDA:85,147,28,0
BRDA:85,147,29,0
BRDA:85,147,30,0
BRDA:85,147,31,0
BRDA:86,148,0,0
BRDA:86,148,1,0
BRDA:86,149,0,0
BRDA:86,149,1,0
BRDA:86,150,0,0
BRDA:86,150,1,0
BRDA:86,151,0,0
BRDA:86,151,1,0
BRDA:87,152,0,0
BRDA:87,152,1,0
BRDA:87,153,0,0
BRDA:87,153,1,0
BRDA:87,154,0,0
BRDA:87,154,1,0
BRDA:87,155,0,0
BRDA:87,155,1,0
BRDA:87,156,0,0
BRDA:87,156,1,0
BRDA:87,157,0,0
BRDA:87,157,1,0
BRDA:87,158,0,0
BRDA:87,158,1,0
BRDA:87,159,0,0
BRDA:87,159,1,0
BRDA:87,160,0,0
BRDA:87,160,1,0
BRDA:87,161,0,0
BRDA:87,161,1,0
BRDA:87,162,0,0
BRDA:87,162,1,0
BRDA:87,163,0,0
BRDA:87,163,1,0
BRDA:88,164,0,0
BRDA:88,164,1,0
BRDA:88,165,0,0
BRDA:88,165,1,0
BRDA:88,166,0,0
BRDA:88,166,1,0
BRDA:88,167,0,0
BRDA:88,167,1,0
BRDA:88,168,0,0
BRDA:88,168,1,0
BRDA:88,169,0,0
BRDA:88,169,1,0
BRDA:88,170,0,0
BRDA:88,170,1,0
BRDA:88,171,0,0
BRDA:88,171,1,0
BRDA:88,172,0,0
BRDA:88,172,1,0
BRDA:88,172,2,0
BRDA:88,172,3,0
BRDA:88,173,0,0
BRDA:88,173,1,0
BRDA:88,174,0,0
BRDA:88,174,1,0
BRDA:88,175,0,0
BRDA:88,175,1,0
BRDA:88,176,0,0
BRDA:88,176,1,0
BRDA:89,177,0,0
BRDA:89,177,1,0
BRDA:89,177,2,0
BRDA:89,178,0,0
BRDA:89,178,1,0
BRDA:89,179,0,0
BRDA:89,179,1,0
BRDA:89,180,0,0
BRDA:89,180,1,0
BRDA:89,181,0,0
BRDA:89,181,1,0
BRDA:89,182,0,0
BRDA:89,182,1,0
BRDA:89,182,2,0
BRDA:89,183,0,0
BRDA:89,183,1,0
BRDA:89,184,0,0
BRDA:89,184,1,0
BRDA:89,185,0,0
BRDA:89,185,1,0
BRDA:89,186,0,0
BRDA:89,186,1,0
BRDA:89,187,0,0
BRDA:89,187,1,0
BRDA:89,188,0,0
BRDA:89,188,1,0
BRDA:89,188,2,0
BRDA:89,188,3,0
BRDA:89,189,0,0
BRDA:89,189,1,0
BRDA:90,190,0,0
BRDA:90,190,1,0
BRDA:90,191,0,0
BRDA:90,191,1,0
BRDA:90,191,2,0
BRDA:90,191,3,0
BRDA:90,192,0,0
BRDA:90,192,1,0
BRDA:90,193,0,0
BRDA:90,193,1,0
BRDA:90,193,2,0
BRDA:90,193,3,0
BRDA:90,194,0,0
BRDA:90,194,1,0
BRDA:90,195,0,0
BRDA:90,195,1,0
BRDA:90,196,0,0
BRDA:90,196,1,0
BRDA:90,197,0,0
BRDA:90,197,1,0
BRDA:90,197,2,0
BRDA:90,197,3,0
BRDA:90,197,4,0
BRDA:90,198,0,0
BRDA:90,198,1,0
BRDA:90,199,0,0
BRDA:90,199,1,0
BRDA:90,200,0,0
BRDA:90,200,1,0
BRDA:90,201,0,0
BRDA:90,201,1,0
BRDA:90,202,0,0
BRDA:90,202,1,0
BRDA:91,203,0,0
BRDA:91,203,1,0
BRDA:91,204,0,0
BRDA:91,204,1,0
BRDA:91,205,0,0
BRDA:91,205,1,0
BRDA:91,205,2,0
BRDA:91,205,3,0
BRDA:91,205,4,0
BRDA:91,206,0,0
BRDA:91,206,1,0
BRDA:91,207,0,0
BRDA:91,207,1,0
BRDA:91,207,2,0
BRDA:91,207,3,0
BRDA:91,208,0,0
BRDA:91,208,1,0
BRDA:91,209,0,0
BRDA:91,209,1,0
BRDA:91,210,0,0
BRDA:91,210,1,0
BRDA:91,211,0,0
BRDA:91,211,1,0
BRDA:91,212,0,0
BRDA:91,212,1,0
BRDA:91,213,0,0
BRDA:91,213,1,0
BRDA:91,214,0,0
BRDA:91,214,1,0
BRDA:91,215,0,0
BRDA:91,215,1,0
BRDA:92,216,0,35
BRDA:92,216,1,0
BRDA:92,217,0,35
BRDA:92,217,1,0
BRDA:92,218,0,0
BRDA:92,218,1,0
BRDA:92,219,0,0
BRDA:92,219,1,0
BRDA:92,220,0,0
BRDA:92,220,1,0
BRDA:92,221,0,0
BRDA:92,221,1,0
BRDA:92,222,0,0
BRDA:92,222,1,0
BRDA:92,223,0,0
BRDA:92,223,1,0
BRDA:92,224,0,0
BRDA:92,224,1,0
BRDA:93,225,0,0
BRDA:93,225,1,0
BRDA:93,226,0,0
BRDA:93,226,1,0
BRDA:94,227,0,0
BRDA:94,227,1,0
BRDA:94,228,0,0
BRDA:94,228,1,0
BRDA:95,229,0,35
BRDA:95,229,1,35
BRDA:95,229,2,35
BRDA:95,229,3,35
BRDA:95,229,4,35
BRDA:95,229,5,35
BRDA:95,229,6,35
BRDA:96,230,0,35
BRDA:96,230,1,0
BRDA:100,231,0,0
BRDA:100,231,1,0
BRDA:100,232,0,0
BRDA:100,232,1,0
BRDA:100,232,2,0
BRDA:100,233,0,0
BRDA:100,233,1,0
BRDA:100,234,0,0
BRDA:100,234,1,0
BRDA:100,235,0,0
BRDA:100,235,1,0
BRDA:100,236,0,0
BRDA:100,236,1,0
BRDA:100,237,0,0
BRDA:100,237,1,0
BRDA:100,237,2,0
BRDA:100,238,0,0
BRDA:100,238,1,0
BRDA:100,239,0,0
BRDA:100,239,1,0
BRDA:100,240,0,0
BRDA:100,240,1,0
BRDA:100,241,0,0
BRDA:100,241,1,0
BRDA:100,242,0,0
BRDA:100,242,1,0
BRDA:100,242,2,0
BRDA:100,243,0,0
BRDA:100,243,1,0
BRDA:101,244,0,0
BRDA:101,244,1,0
BRDA:101,245,0,0
BRDA:101,245,1,0
BRDA:101,246,0,0
BRDA:101,246,1,0
BRDA:101,247,0,0
BRDA:101,247,1,0
BRDA:101,247,2,0
BRDA:101,247,3,0
BRDA:101,248,0,0
BRDA:101,248,1,0
BRDA:101,249,0,0
BRDA:101,249,1,0
BRDA:101,250,0,0
BRDA:101,250,1,0
BRDA:101,251,0,0
BRDA:101,251,1,0
BRDA:101,251,2,0
BRDA:102,252,0,0
BRDA:102,252,1,0
BRDA:102,253,0,0
BRDA:102,253,1,0
BRDA:102,253,2,0
BRDA:102,254,0,0
BRDA:102,254,1,0
BRDA:102,255,0,0
BRDA:102,255,1,0
BRDA:102,256,0,0
BRDA:102,256,1,0
BRDA:102,256,2,0
BRDA:102,256,3,0
BRDA:102,257,0,0
BRDA:102,257,1,0
BRDA:102,258,0,0
BRDA:102,258,1,0
BRDA:103,259,0,0
BRDA:103,259,1,0
BRDA:103,260,0,0
BRDA:103,260,1,0
BRDA:103,261,0,0
BRDA:103,261,1,0
BRDA:103,262,0,0
BRDA:103,262,1,0
BRDA:103,262,2,0
BRDA:103,263,0,0
BRDA:103,263,1,0
BRDA:103,264,0,0
BRDA:103,264,1,0
BRDA:103,265,0,0
BRDA:103,265,1,0
BRDA:103,265,2,0
BRDA:103,266,0,0
BRDA:103,266,1,0
BRDA:103,267,0,0
BRDA:103,267,1,0
BRDA:103,268,0,0
BRDA:103,268,1,0
BRDA:103,269,0,0
BRDA:103,269,1,0
BRDA:104,270,0,0
BRDA:104,270,1,0
BRDA:104,271,0,0
BRDA:104,271,1,0
BRDA:104,272,0,0
BRDA:104,272,1,0
BRDA:104,273,0,0
BRDA:104,273,1,0
BRDA:104,274,0,0
BRDA:104,274,1,0
BRDA:104,275,0,0
BRDA:104,275,1,0
BRDA:104,276,0,0
BRDA:104,276,1,0
BRDA:104,277,0,0
BRDA:104,277,1,0
BRDA:105,278,0,0
BRDA:105,278,1,0
BRDA:105,279,0,0
BRDA:105,279,1,0
BRDA:105,280,0,0
BRDA:105,280,1,0
BRDA:105,281,0,0
BRDA:105,281,1,0
BRDA:105,282,0,0
BRDA:105,282,1,0
BRDA:105,282,2,0
BRDA:105,283,0,0
BRDA:105,283,1,0
BRDA:105,283,2,0
BRDA:105,283,3,0
BRDA:106,284,0,0
BRDA:106,284,1,0
BRDA:106,285,0,0
BRDA:106,285,1,0
BRDA:106,285,2,0
BRDA:106,285,3,0
BRDA:106,286,0,0
BRDA:106,286,1,0
BRDA:106,287,0,0
BRDA:106,287,1,0
BRDA:106,287,2,0
BRDA:106,287,3,0
BRDA:106,288,0,0
BRDA:106,288,1,0
BRDA:106,289,0,0
BRDA:106,289,1,0
BRDA:106,290,0,0
BRDA:106,290,1,0
BRDA:106,291,0,0
BRDA:106,291,1,0
BRDA:106,292,0,0
BRDA:106,292,1,0
BRDA:106,293,0,0
BRDA:106,293,1,0
BRDA:106,294,0,0
BRDA:106,294,1,0
BRDA:107,295,0,0
BRDA:107,295,1,0
BRDA:107,296,0,0
BRDA:107,296,1,0
BRDA:107,297,0,0
BRDA:107,297,1,0
BRDA:107,298,0,0
BRDA:107,298,1,0
BRDA:107,299,0,0
BRDA:107,299,1,0
BRDA:107,299,2,0
BRDA:108,300,0,0
BRDA:108,300,1,0
BRDA:108,301,0,0
BRDA:108,301,1,0
BRDA:108,302,0,0
BRDA:108,302,1,0
BRDA:108,303,0,0
BRDA:108,303,1,0
BRDA:108,303,2,0
BRDA:108,304,0,0
BRDA:108,304,1,0
BRDA:108,305,0,0
BRDA:108,305,1,0
BRDA:108,306,0,0
BRDA:108,306,1,0
BRDA:108,307,0,0
BRDA:108,307,1,0
BRDA:109,308,0,0
BRDA:109,308,1,0
BRDA:109,309,0,0
BRDA:109,309,1,0
BRDA:109,310,0,0
BRDA:109,310,1,0
BRDA:109,311,0,0
BRDA:109,311,1,0
BRDA:109,312,0,0
BRDA:109,312,1,0
BRDA:109,313,0,0
BRDA:109,313,1,0
BRDA:109,314,0,0
BRDA:109,314,1,0
BRDA:109,315,0,0
BRDA:109,315,1,0
BRDA:109,316,0,0
BRDA:109,316,1,0
BRDA:109,317,0,0
BRDA:109,317,1,0
BRDA:110,318,0,0
BRDA:110,318,1,0
BRDA:110,319,0,0
BRDA:110,319,1,0
BRDA:111,320,0,0
BRDA:111,320,1,0
BRDA:111,321,0,0
BRDA:111,321,1,0
BRDA:111,322,0,0
BRDA:111,322,1,0
BRDA:111,323,0,0
BRDA:111,323,1,0
BRDA:111,324,0,0
BRDA:111,324,1,0
BRDA:111,325,0,0
BRDA:111,325,1,0
BRDA:111,326,0,0
BRDA:111,326,1,0
BRDA:112,327,0,0
BRDA:112,327,1,0
BRDA:112,328,0,0
BRDA:112,328,1,0
BRDA:112,329,0,0
BRDA:112,329,1,0
BRDA:112,329,2,0
BRDA:112,329,3,0
BRDA:113,330,0,0
BRDA:113,330,1,0
BRDA:113,331,0,0
BRDA:113,331,1,0
BRDA:113,332,0,0
BRDA:113,332,1,0
BRDA:113,333,0,0
BRDA:113,333,1,0
BRDA:113,334,0,0
BRDA:113,334,1,0
BRDA:113,335,0,0
BRDA:113,335,1,0
BRDA:113,336,0,0
BRDA:113,336,1,0
BRDA:114,337,0,0
BRDA:114,337,1,0
BRDA:114,338,0,0
BRDA:114,338,1,0
BRDA:115,339,0,0
BRDA:115,339,1,0
BRDA:115,340,0,0
BRDA:115,340,1,0
BRDA:115,341,0,0
BRDA:115,341,1,0
BRDA:115,341,2,0
BRDA:115,342,0,0
BRDA:115,342,1,0
BRDA:115,343,0,0
BRDA:115,343,1,0
BRDA:115,344,0,0
BRDA:115,344,1,0
BRDA:115,345,0,0
BRDA:115,345,1,0
BRDA:115,346,0,0
BRDA:115,346,1,0
BRDA:116,347,0,0
BRDA:116,347,1,0
BRDA:116,347,2,0
BRDA:116,348,0,0
BRDA:116,348,1,0
BRDA:117,349,0,0
BRDA:117,349,1,0
BRDA:117,350,0,0
BRDA:117,350,1,0
BRDA:117,351,0,0
BRDA:117,351,1,0
BRDA:117,352,0,0
BRDA:117,352,1,0
BRDA:117,352,2,0
BRDA:117,353,0,0
BRDA:117,353,1,0
BRDA:117,353,2,0
BRDA:117,354,0,0
BRDA:117,354,1,0
BRDA:117,355,0,0
BRDA:117,355,1,0
BRDA:117,356,0,0
BRDA:117,356,1,0
BRDA:117,357,0,0
BRDA:117,357,1,0
BRDA:117,357,2,0
BRDA:117,358,0,0
BRDA:117,358,1,0
BRDA:117,359,0,0
BRDA:117,359,1,0
BRDA:118,360,0,0
BRDA:118,360,1,0
BRDA:118,361,0,0
BRDA:118,361,1,0
BRDA:118,362,0,0
BRDA:118,362,1,0
BRDA:118,363,0,0
BRDA:118,363,1,0
BRDA:118,364,0,0
BRDA:118,364,1,0
BRDA:118,365,0,0
BRDA:118,365,1,0
BRDA:118,366,0,0
BRDA:118,366,1,0
BRDA:118,367,0,0
BRDA:118,367,1,0
BRDA:118,368,0,0
BRDA:118,368,1,0
BRDA:118,369,0,0
BRDA:118,369,1,0
BRDA:118,370,0,0
BRDA:118,370,1,0
BRDA:118,370,2,0
BRDA:119,371,0,0
BRDA:119,371,1,0
BRDA:119,372,0,0
BRDA:119,372,1,0
BRDA:119,373,0,0
BRDA:119,373,1,0
BRDA:119,374,0,0
BRDA:119,374,1,0
BRDA:119,375,0,0
BRDA:119,375,1,0
BRDA:120,376,0,0
BRDA:120,376,1,0
BRDA:120,377,0,0
BRDA:120,377,1,0
BRDA:120,378,0,0
BRDA:120,378,1,0
BRDA:120,379,0,0
BRDA:120,379,1,0
BRDA:120,380,0,0
BRDA:120,380,1,0
BRDA:120,381,0,0
BRDA:120,381,1,0
BRDA:120,382,0,0
BRDA:120,382,1,0
BRDA:121,383,0,0
BRDA:121,383,1,0
BRDA:121,384,0,0
BRDA:121,384,1,0
BRDA:121,385,0,0
BRDA:121,385,1,0
BRDA:121,386,0,0
BRDA:121,386,1,0
BRDA:122,387,0,0
BRDA:122,387,1,0
BRDA:122,388,0,0
BRDA:122,388,1,0
BRDA:122,389,0,0
BRDA:122,389,1,0
BRDA:122,390,0,0
BRDA:122,390,1,0
BRDA:122,391,0,0
BRDA:122,391,1,0
BRDA:123,392,0,0
BRDA:123,392,1,0
BRDA:123,393,0,0
BRDA:123,393,1,0
BRDA:123,394,0,0
BRDA:123,394,1,0
BRDA:123,395,0,0
BRDA:123,395,1,0
BRDA:123,396,0,0
BRDA:123,396,1,0
BRDA:123,397,0,0
BRDA:123,397,1,0
BRDA:123,398,0,0
BRDA:123,398,1,0
BRDA:123,399,0,35
BRDA:123,399,1,0
BRDA:123,400,0,35
BRDA:123,400,1,35
BRDA:124,401,0,0
BRDA:124,401,1,0
BRDA:124,402,0,0
BRDA:124,402,1,0
BRDA:124,403,0,0
BRDA:124,403,1,0
BRDA:124,403,2,0
BRDA:124,404,0,0
BRDA:124,404,1,0
BRDA:124,405,0,0
BRDA:124,405,1,0
BRDA:124,406,0,0
BRDA:124,406,1,0
BRDA:125,407,0,0
BRDA:125,407,1,0
BRDA:125,408,0,0
BRDA:125,408,1,0
BRDA:126,409,0,0
BRDA:126,409,1,0
BRDA:126,410,0,0
BRDA:126,410,1,0
BRDA:126,411,0,0
BRDA:126,411,1,0
BRDA:127,412,0,0
BRDA:127,412,1,0
BRDA:127,413,0,0
BRDA:127,413,1,0
BRDA:127,414,0,0
BRDA:127,414,1,0
BRDA:127,415,0,0
BRDA:127,415,1,0
BRDA:128,416,0,0
BRDA:128,416,1,0
BRDA:128,417,0,0
BRDA:128,417,1,0
BRDA:129,418,0,0
BRDA:129,418,1,0
BRDA:130,419,0,0
BRDA:130,419,1,0
BRDA:131,420,0,0
BRDA:131,420,1,0
BRDA:132,421,0,0
BRDA:132,421,1,0
BRDA:133,422,0,0
BRDA:133,422,1,0
BRDA:133,423,0,0
BRDA:133,423,1,0
BRDA:133,424,0,0
BRDA:133,424,1,0
BRDA:134,425,0,0
BRDA:134,425,1,0
BRDA:134,426,0,0
BRDA:134,426,1,0
BRDA:134,427,0,0
BRDA:134,427,1,0
BRDA:134,428,0,0
BRDA:134,428,1,0
BRDA:134,429,0,0
BRDA:134,429,1,0
BRDA:135,430,0,0
BRDA:135,430,1,0
BRDA:135,431,0,0
BRDA:135,431,1,0
BRDA:135,431,2,0
BRDA:135,431,3,0
BRDA:135,432,0,0
BRDA:135,432,1,0
BRDA:135,433,0,0
BRDA:135,433,1,0
BRDA:135,434,0,0
BRDA:135,434,1,0
BRDA:135,435,0,0
BRDA:135,435,1,0
BRDA:135,436,0,0
BRDA:135,436,1,0
BRDA:135,436,2,0
BRDA:135,436,3,0
BRDA:135,437,0,0
BRDA:135,437,1,0
BRDA:136,438,0,0
BRDA:136,438,1,0
BRDA:136,439,0,0
BRDA:136,439,1,0
BRDA:136,440,0,0
BRDA:136,440,1,0
BRDA:136,441,0,0
BRDA:136,441,1,0
BRDA:136,442,0,0
BRDA:136,442,1,0
BRDA:136,443,0,0
BRDA:136,443,1,0
BRDA:136,444,0,0
BRDA:136,444,1,0
BRDA:136,445,0,0
BRDA:136,445,1,0
BRDA:136,446,0,0
BRDA:136,446,1,0
BRDA:136,447,0,0
BRDA:136,447,1,0
BRDA:136,448,0,0
BRDA:136,448,1,0
BRDA:137,449,0,0
BRDA:137,449,1,0
BRDA:137,450,0,0
BRDA:137,450,1,0
BRDA:137,451,0,0
BRDA:137,451,1,0
BRDA:137,452,0,0
BRDA:137,452,1,0
BRDA:137,453,0,0
BRDA:137,453,1,0
BRDA:137,454,0,0
BRDA:137,454,1,0
BRDA:138,455,0,0
BRDA:138,455,1,0
BRDA:139,456,0,0
BRDA:139,456,1,0
BRDA:139,457,0,0
BRDA:139,457,1,0
BRDA:139,458,0,0
BRDA:139,458,1,0
BRDA:140,459,0,0
BRDA:140,459,1,0
BRDA:141,460,0,0
BRDA:141,460,1,0
BRDA:141,461,0,0
BRDA:141,461,1,0
BRDA:141,462,0,0
BRDA:141,462,1,0
BRDA:141,463,0,0
BRDA:141,463,1,0
BRDA:141,464,0,0
BRDA:141,464,1,0
BRDA:141,465,0,0
BRDA:141,465,1,0
BRDA:141,466,0,0
BRDA:141,466,1,0
BRDA:141,467,0,0
BRDA:141,467,1,0
BRDA:142,468,0,0
BRDA:142,468,1,0
BRDA:142,469,0,0
BRDA:142,469,1,0
BRDA:142,470,0,0
BRDA:142,470,1,0
BRDA:142,471,0,0
BRDA:142,471,1,0
BRDA:143,472,0,0
BRDA:143,472,1,0
BRDA:143,472,2,0
BRDA:143,472,3,0
BRDA:143,473,0,0
BRDA:143,473,1,0
BRDA:143,474,0,0
BRDA:143,474,1,0
BRDA:143,475,0,0
BRDA:143,475,1,0
BRDA:143,475,2,0
BRDA:143,476,0,0
BRDA:143,476,1,0
BRDA:144,477,0,0
BRDA:144,477,1,0
BRDA:144,478,0,0
BRDA:144,478,1,0
BRDA:144,479,0,0
BRDA:144,479,1,0
BRDA:144,480,0,0
BRDA:144,480,1,0
BRDA:144,480,2,0
BRDA:145,481,0,0
BRDA:145,481,1,0
BRDA:145,482,0,0
BRDA:145,482,1,0
BRDA:145,482,2,0
BRDA:145,483,0,0
BRDA:145,483,1,0
BRDA:145,483,2,0
BRDA:145,484,0,0
BRDA:145,484,1,0
BRDA:145,485,0,0
BRDA:145,485,1,0
BRDA:145,485,2,0
BRDA:146,486,0,0
BRDA:146,486,1,0
BRDA:146,486,2,0
BRDA:146,487,0,0
BRDA:146,487,1,0
BRDA:146,487,2,0
BRDA:147,488,0,0
BRDA:147,488,1,0
BRDA:147,489,0,0
BRDA:147,489,1,0
BRDA:147,490,0,0
BRDA:147,490,1,0
BRDA:147,491,0,0
BRDA:147,491,1,0
BRDA:147,492,0,0
BRDA:147,492,1,0
BRDA:147,493,0,0
BRDA:147,493,1,0
BRDA:147,494,0,0
BRDA:147,494,1,0
BRDA:148,495,0,0
BRDA:148,495,1,0
BRDA:148,495,2,0
BRDA:148,495,3,0
BRDA:149,496,0,0
BRDA:149,496,1,0
BRDA:149,497,0,0
BRDA:149,497,1,0
BRDA:150,498,0,0
BRDA:150,498,1,0
BRDA:150,499,0,0
BRDA:150,499,1,0
BRDA:150,500,0,0
BRDA:150,500,1,0
BRDA:150,501,0,0
BRDA:150,501,1,0
BRDA:150,502,0,0
BRDA:150,502,1,0
BRDA:150,503,0,0
BRDA:150,503,1,0
BRDA:150,504,0,0
BRDA:150,504,1,0
BRDA:150,504,2,0
BRDA:150,505,0,0
BRDA:150,505,1,0
BRDA:150,505,2,0
BRDA:151,506,0,0
BRDA:151,506,1,0
BRDA:151,506,2,0
BRDA:151,506,3,0
BRDA:151,507,0,0
BRDA:151,507,1,0
BRDA:151,508,0,0
BRDA:151,508,1,0
BRDA:151,509,0,0
BRDA:151,509,1,0
BRDA:151,510,0,0
BRDA:151,510,1,0
BRDA:151,511,0,0
BRDA:151,511,1,0
BRDA:151,512,0,0
BRDA:151,512,1,0
BRDA:152,513,0,0
BRDA:152,513,1,0
BRDA:152,513,2,0
BRDA:152,514,0,0
BRDA:152,514,1,0
BRDA:152,515,0,0
BRDA:152,515,1,0
BRDA:152,516,0,0
BRDA:152,516,1,0
BRDA:152,517,0,0
BRDA:152,517,1,0
BRDA:153,518,0,0
BRDA:153,518,1,0
BRDA:155,519,0,0
BRDA:155,519,1,0
BRDA:155,520,0,0
BRDA:155,520,1,0
BRDA:155,521,0,0
BRDA:155,521,1,0
BRDA:155,522,0,0
BRDA:155,522,1,0
BRDA:155,523,0,0
BRDA:155,523,1,0
BRDA:155,524,0,0
BRDA:155,524,1,0
BRDA:156,525,0,0
BRDA:156,525,1,0
BRDA:156,526,0,0
BRDA:156,526,1,0
BRDA:157,527,0,0
BRDA:157,527,1,0
BRDA:157,528,0,0
BRDA:157,528,1,0
BRDA:157,529,0,0
BRDA:157,529,1,0
BRDA:158,530,0,0
BRDA:158,530,1,0
BRDA:158,531,0,0
BRDA:158,531,1,0
BRDA:158,532,0,0
BRDA:158,532,1,0
BRDA:158,533,0,0
BRDA:158,533,1,0
BRDA:159,534,0,0
BRDA:159,534,1,0
BRDA:159,535,0,0
BRDA:159,535,1,0
BRDA:160,536,0,0
BRDA:160,536,1,0
BRDA:160,537,0,0
BRDA:160,537,1,0
BRDA:160,538,0,0
BRDA:160,538,1,0
BRDA:161,539,0,0
BRDA:161,539,1,0
BRDA:161,540,0,0
BRDA:161,540,1,0
BRDA:162,541,0,0
BRDA:162,541,1,0
BRDA:162,542,0,0
BRDA:162,542,1,0
BRDA:162,543,0,0
BRDA:162,543,1,0
BRDA:162,544,0,0
BRDA:162,544,1,0
BRDA:163,545,0,0
BRDA:163,545,1,0
BRDA:163,546,0,0
BRDA:163,546,1,0
BRDA:163,547,0,0
BRDA:163,547,1,0
BRDA:164,548,0,0
BRDA:164,548,1,0
BRDA:164,549,0,0
BRDA:164,549,1,0
BRDA:164,550,0,0
BRDA:164,550,1,0
BRDA:165,551,0,0
BRDA:165,551,1,0
BRDA:165,552,0,0
BRDA:165,552,1,0
BRDA:165,553,0,0
BRDA:165,553,1,0
BRDA:166,554,0,0
BRDA:166,554,1,0
BRDA:166,555,0,0
BRDA:166,555,1,0
BRDA:166,555,2,0
BRDA:166,556,0,0
BRDA:166,556,1,0
BRDA:166,557,0,0
BRDA:166,557,1,0
BRDA:167,558,0,0
BRDA:167,558,1,0
BRDA:167,558,2,0
BRDA:167,559,0,0
BRDA:167,559,1,0
BRDA:167,560,0,0
BRDA:167,560,1,0
BRDA:167,561,0,0
BRDA:167,561,1,0
BRDA:167,561,2,0
BRDA:167,562,0,0
BRDA:167,562,1,0
BRDA:168,563,0,0
BRDA:168,563,1,0
BRDA:168,564,0,0
BRDA:168,564,1,0
BRDA:168,565,0,0
BRDA:168,565,1,0
BRDA:168,566,0,0
BRDA:168,566,1,0
BRDA:168,567,0,0
BRDA:168,567,1,0
BRDA:168,568,0,0
BRDA:168,568,1,0
BRDA:169,569,0,0
BRDA:169,569,1,0
BRDA:169,570,0,0
BRDA:169,570,1,0
BRDA:169,570,2,0
BRDA:169,571,0,0
BRDA:169,571,1,0
BRDA:169,572,0,0
BRDA:169,572,1,0
BRDA:169,572,2,0
BRDA:170,573,0,0
BRDA:170,573,1,0
BRDA:170,574,0,0
BRDA:170,574,1,0
BRDA:170,575,0,0
BRDA:170,575,1,0
BRDA:171,576,0,0
BRDA:171,576,1,0
BRDA:171,577,0,0
BRDA:171,577,1,0
BRDA:171,578,0,0
BRDA:171,578,1,0
BRDA:171,579,0,0
BRDA:171,579,1,0
BRDA:171,579,2,0
BRDA:171,580,0,0
BRDA:171,580,1,0
BRDA:171,581,0,0
BRDA:171,581,1,0
BRDA:171,581,2,0
BRDA:171,581,3,0
BRDA:172,582,0,0
BRDA:172,582,1,0
BRDA:172,583,0,0
BRDA:172,583,1,0
BRDA:172,584,0,0
BRDA:172,584,1,0
BRDA:172,585,0,0
BRDA:172,585,1,0
BRDA:172,586,0,0
BRDA:172,586,1,0
BRDA:172,586,2,0
BRDA:172,586,3,0
BRDA:172,586,4,0
BRDA:172,586,5,0
BRDA:172,586,6,0
BRDA:172,586,7,0
BRDA:172,586,8,0
BRDA:172,586,9,0
BRDA:172,586,10,0
BRDA:172,586,11,0
BRDA:172,586,12,0
BRDA:172,586,13,0
BRDA:173,587,0,0
BRDA:173,587,1,0
BRDA:173,587,2,0
BRDA:173,587,3,0
BRDA:173,587,4,0
BRDA:173,587,5,0
BRDA:173,587,6,0
BRDA:173,587,7,0
BRDA:173,587,8,0
BRDA:173,588,0,0
BRDA:173,588,1,0
BRDA:173,588,2,0
BRDA:173,588,3,0
BRDA:173,589,0,0
BRDA:173,589,1,0
BRDA:173,590,0,0
BRDA:173,590,1,0
BRDA:174,591,0,0
BRDA:174,591,1,0
BRDA:174,592,0,0
BRDA:174,592,1,0
BRDA:174,593,0,0
BRDA:174,593,1,0
BRDA:174,594,0,0
BRDA:174,594,1,0
BRDA:174,595,0,0
BRDA:174,595,1,0
BRDA:174,596,0,0
BRDA:174,596,1,0
BRDA:174,597,0,0
BRDA:174,597,1,0
BRDA:174,598,0,0
BRDA:174,598,1,0
BRDA:175,599,0,0
BRDA:175,599,1,0
BRDA:175,600,0,0
BRDA:175,600,1,0
BRDA:175,601,0,0
BRDA:175,601,1,0
BRDA:175,602,0,0
BRDA:175,602,1,0
BRDA:175,603,0,0
BRDA:175,603,1,0
BRDA:175,604,0,0
BRDA:175,604,1,0
BRDA:175,604,2,0
BRDA:176,605,0,0
BRDA:176,605,1,0
BRDA:176,606,0,0
BRDA:176,606,1,0
BRDA:176,607,0,0
BRDA:176,607,1,0
BRDA:176,608,0,0
BRDA:176,608,1,0
BRDA:176,608,2,0
BRDA:176,609,0,0
BRDA:176,609,1,0
BRDA:176,610,0,0
BRDA:176,610,1,0
BRDA:176,611,0,0
BRDA:176,611,1,0
BRDA:177,612,0,0
BRDA:177,612,1,0
BRDA:177,613,0,0
BRDA:177,613,1,0
BRDA:177,614,0,0
BRDA:177,614,1,0
BRDA:177,615,0,0
BRDA:177,615,1,0
BRDA:178,616,0,0
BRDA:178,616,1,0
BRDA:178,617,0,0
BRDA:178,617,1,0
BRDA:178,618,0,0
BRDA:178,618,1,0
BRDA:178,619,0,0
BRDA:178,619,1,0
BRDA:178,620,0,0
BRDA:178,620,1,0
BRDA:178,621,0,0
BRDA:178,621,1,0
BRDA:178,622,0,0
BRDA:178,622,1,0
BRDA:179,623,0,0
BRDA:179,623,1,0
BRDA:179,624,0,0
BRDA:179,624,1,0
BRDA:179,625,0,0
BRDA:179,625,1,0
BRDA:179,626,0,0
BRDA:179,626,1,0
BRDA:179,627,0,0
BRDA:179,627,1,0
BRDA:180,628,0,0
BRDA:180,628,1,0
BRDA:180,629,0,0
BRDA:180,629,1,0
BRDA:180,630,0,0
BRDA:180,630,1,0
BRDA:180,631,0,0
BRDA:180,631,1,0
BRDA:180,632,0,0
BRDA:180,632,1,0
BRDA:180,633,0,0
BRDA:180,633,1,0
BRDA:180,634,0,0
BRDA:180,634,1,0
BRDA:180,635,0,0
BRDA:180,635,1,0
BRDA:181,636,0,0
BRDA:181,636,1,0
BRDA:181,637,0,0
BRDA:181,637,1,0
BRDA:181,638,0,0
BRDA:181,638,1,0
BRDA:181,639,0,0
BRDA:181,639,1,0
BRDA:181,640,0,0
BRDA:181,640,1,0
BRDA:182,641,0,0
BRDA:182,641,1,0
BRDA:182,642,0,0
BRDA:182,642,1,0
BRDA:182,643,0,0
BRDA:182,643,1,0
BRDA:182,644,0,0
BRDA:182,644,1,0
BRDA:182,645,0,0
BRDA:182,645,1,0
BRDA:182,646,0,0
BRDA:182,646,1,0
BRDA:182,647,0,0
BRDA:182,647,1,0
BRDA:183,648,0,0
BRDA:183,648,1,0
BRDA:183,649,0,0
BRDA:183,649,1,0
BRDA:183,650,0,0
BRDA:183,650,1,0
BRDA:183,651,0,0
BRDA:183,651,1,0
BRDA:183,652,0,0
BRDA:183,652,1,0
BRDA:183,653,0,0
BRDA:183,653,1,0
BRDA:183,654,0,0
BRDA:183,654,1,0
BRDA:184,655,0,0
BRDA:184,655,1,0
BRDA:184,656,0,0
BRDA:184,656,1,0
BRDA:184,657,0,0
BRDA:184,657,1,0
BRDA:184,658,0,0
BRDA:184,658,1,0
BRDA:184,659,0,0
BRDA:184,659,1,0
BRDA:184,660,0,0
BRDA:184,660,1,0
BRDA:185,661,0,0
BRDA:185,661,1,0
BRDA:185,662,0,0
BRDA:185,662,1,0
BRDA:185,663,0,0
BRDA:185,663,1,0
BRDA:185,664,0,0
BRDA:185,664,1,0
BRDA:185,665,0,0
BRDA:185,665,1,0
BRDA:185,666,0,0
BRDA:185,666,1,0
BRDA:185,667,0,0
BRDA:185,667,1,0
BRDA:186,668,0,0
BRDA:186,668,1,0
BRDA:186,669,0,0
BRDA:186,669,1,0
BRDA:186,670,0,0
BRDA:186,670,1,0
BRDA:186,671,0,0
BRDA:186,671,1,0
BRDA:186,672,0,0
BRDA:186,672,1,0
BRDA:187,673,0,0
BRDA:187,673,1,0
BRDA:187,674,0,0
BRDA:187,674,1,0
BRDA:187,674,2,0
BRDA:187,674,3,0
BRDA:187,674,4,0
BRDA:187,675,0,0
BRDA:187,675,1,0
BRDA:187,676,0,0
BRDA:187,676,1,0
BRDA:187,677,0,0
BRDA:187,677,1,0
BRDA:187,677,2,0
BRDA:187,678,0,0
BRDA:187,678,1,0
BRDA:187,679,0,0
BRDA:187,679,1,0
BRDA:188,680,0,0
BRDA:188,680,1,0
BRDA:188,681,0,0
BRDA:188,681,1,0
BRDA:188,682,0,0
BRDA:188,682,1,0
BRDA:188,682,2,0
BRDA:188,682,3,0
BRDA:188,682,4,0
BRDA:188,683,0,0
BRDA:188,683,1,0
BRDA:188,684,0,0
BRDA:188,684,1,0
BRDA:188,685,0,0
BRDA:188,685,1,0
BRDA:188,685,2,0
BRDA:188,686,0,0
BRDA:188,686,1,0
BRDA:188,687,0,0
BRDA:188,687,1,0
BRDA:188,687,2,0
BRDA:188,687,3,0
BRDA:189,688,0,0
BRDA:189,688,1,0
BRDA:189,689,0,0
BRDA:189,689,1,0
BRDA:189,690,0,0
BRDA:189,690,1,0
BRDA:189,691,0,0
BRDA:189,691,1,0
BRDA:190,692,0,0
BRDA:190,692,1,0
BRDA:190,693,0,0
BRDA:190,693,1,0
BRDA:190,694,0,0
BRDA:190,694,1,0
BRDA:190,695,0,0
BRDA:190,695,1,0
BRDA:191,696,0,0
BRDA:191,696,1,0
BRDA:191,697,0,0
BRDA:191,697,1,0
BRDA:191,697,2,0
BRDA:191,697,3,0
BRDA:191,697,4,0
BRDA:191,697,5,0
BRDA:191,698,0,0
BRDA:191,698,1,0
BRDA:191,699,0,0
BRDA:191,699,1,0
BRDA:191,700,0,0
BRDA:191,700,1,0
BRDA:191,701,0,0
BRDA:191,701,1,0
BRDA:192,702,0,0
BRDA:192,702,1,0
BRDA:192,702,2,0
BRDA:193,703,0,0
BRDA:193,703,1,0
BRDA:193,703,2,0
BRDA:193,704,0,0
BRDA:193,704,1,0
BRDA:193,705,0,0
BRDA:193,705,1,0
BRDA:193,706,0,0
BRDA:193,706,1,0
BRDA:193,707,0,0
BRDA:193,707,1,0
BRDA:193,708,0,0
BRDA:193,708,1,0
BRDA:194,709,0,0
BRDA:194,709,1,0
BRDA:194,710,0,0
BRDA:194,710,1,0
BRDA:194,710,2,0
BRDA:195,711,0,0
BRDA:195,711,1,0
BRDA:195,712,0,0
BRDA:195,712,1,0
BRDA:195,713,0,0
BRDA:195,713,1,0
BRDA:196,714,0,0
BRDA:196,714,1,0
BRDA:196,715,0,0
BRDA:196,715,1,0
BRDA:196,716,0,0
BRDA:196,716,1,0
BRDA:196,717,0,0
BRDA:196,717,1,0
BRDA:196,718,0,0
BRDA:196,718,1,0
BRDA:196,719,0,0
BRDA:196,719,1,0
BRDA:196,720,0,0
BRDA:196,720,1,0
BRDA:196,721,0,0
BRDA:196,721,1,0
BRDA:196,722,0,0
BRDA:196,722,1,0
BRDA:196,723,0,0
BRDA:196,723,1,0
BRDA:196,724,0,0
BRDA:196,724,1,0
BRDA:197,725,0,0
BRDA:197,725,1,0
BRDA:197,726,0,0
BRDA:197,726,1,0
BRDA:197,727,0,0
BRDA:197,727,1,0
BRDA:197,728,0,0
BRDA:197,728,1,0
BRDA:197,729,0,0
BRDA:197,729,1,0
BRDA:197,730,0,0
BRDA:197,730,1,0
BRDA:197,731,0,0
BRDA:197,731,1,0
BRDA:197,732,0,0
BRDA:197,732,1,0
BRDA:197,733,0,0
BRDA:197,733,1,0
BRDA:197,734,0,0
BRDA:197,734,1,0
BRDA:197,735,0,0
BRDA:197,735,1,0
BRDA:197,736,0,0
BRDA:197,736,1,0
BRDA:198,737,0,0
[...]
BRDA:843,5076,0,0
BRDA:843,5076,1,0
BRDA:843,5077,0,0
BRDA:843,5077,1,0
BRDA:843,5077,2,0
BRDA:843,5077,3,0
BRDA:843,5078,0,0
BRDA:843,5078,1,0
BRDA:843,5079,0,0
BRDA:843,5079,1,0
BRDA:843,5080,0,0
BRDA:843,5080,1,0
BRDA:843,5081,0,0
BRDA:843,5081,1,0
BRDA:844,5082,0,0
BRDA:844,5082,1,0
BRDA:844,5083,0,0
BRDA:844,5083,1,0
BRDA:844,5084,0,0
BRDA:844,5084,1,0
BRDA:845,5085,0,0
BRDA:845,5085,1,0
BRDA:846,5086,0,0
BRDA:846,5086,1,0
BRDA:846,5087,0,0
BRDA:846,5087,1,0
BRDA:847,5088,0,0
BRDA:847,5088,1,0
BRDA:847,5088,2,0
BRDA:847,5089,0,0
BRDA:847,5089,1,0
BRDA:847,5090,0,0
BRDA:847,5090,1,0
BRDA:848,5091,0,0
BRDA:848,5091,1,0
BRDA:848,5092,0,0
BRDA:848,5092,1,0
BRDA:848,5093,0,0
BRDA:848,5093,1,0
BRDA:848,5094,0,0
BRDA:848,5094,1,0
BRDA:848,5095,0,0
BRDA:848,5095,1,0
BRDA:848,5096,0,0
BRDA:848,5096,1,0
BRDA:848,5097,0,0
BRDA:848,5097,1,0
BRDA:848,5098,0,0
BRDA:848,5098,1,0
BRDA:848,5098,2,0
BRDA:848,5099,0,0
BRDA:848,5099,1,0
BRDA:848,5100,0,0
BRDA:848,5100,1,0
BRDA:849,5101,0,0
BRDA:849,5101,1,0
BRDA:849,5101,2,0
BRDA:849,5102,0,0
BRDA:849,5102,1,0
BRDA:849,5103,0,0
BRDA:849,5103,1,0
BRDA:849,5104,0,0
BRDA:849,5104,1,0
BRDA:849,5104,2,0
BRDA:850,5105,0,0
BRDA:850,5105,1,0
BRDA:850,5106,0,0
BRDA:850,5106,1,0
BRDA:850,5107,0,0
BRDA:850,5107,1,0
BRDA:850,5107,2,0
BRDA:850,5108,0,0
BRDA:850,5108,1,0
BRDA:850,5109,0,0
BRDA:850,5109,1,0
BRDA:851,5110,0,0
BRDA:851,5110,1,0
BRDA:851,5110,2,0
BRDA:851,5111,0,0
BRDA:851,5111,1,0
BRDA:851,5112,0,0
BRDA:851,5112,1,0
BRDA:851,5113,0,0
BRDA:851,5113,1,0
BRDA:851,5114,0,0
BRDA:851,5114,1,0
BRDA:852,5115,0,0
BRDA:852,5115,1,0
BRDA:852,5116,0,0
BRDA:852,5116,1,0
BRDA:852,5117,0,0
BRDA:852,5117,1,0
BRDA:852,5118,0,0
BRDA:852,5118,1,0
BRDA:852,5119,0,0
BRDA:852,5119,1,0
BRDA:852,5120,0,0
BRDA:852,5120,1,0
BRDA:852,5121,0,0
BRDA:852,5121,1,0
BRDA:853,5122,0,0
BRDA:853,5122,1,0
BRDA:853,5123,0,0
BRDA:853,5123,1,0
BRDA:853,5124,0,0
BRDA:853,5124,1,0
BRDA:853,5124,2,0
BRDA:853,5124,3,0
BRDA:853,5124,4,0
BRDA:853,5124,5,0
BRDA:853,5124,6,0
BRDA:853,5124,7,0
BRDA:853,5124,8,0
BRDA:853,5124,9,0
BRDA:853,5124,10,0
BRDA:853,5124,11,0
BRDA:853,5124,12,0
BRDA:853,5124,13,0
BRDA:854,5125,0,0
BRDA:854,5125,1,0
BRDA:854,5126,0,0
BRDA:854,5126,1,0
BRDA:854,5127,0,0
BRDA:854,5127,1,0
BRDA:854,5127,2,0
BRDA:854,5128,0,0
BRDA:854,5128,1,0
BRDA:854,5129,0,0
BRDA:854,5129,1,0
BRDA:854,5130,0,0
BRDA:854,5130,1,0
BRDA:854,5131,0,0
BRDA:854,5131,1,0
BRDA:855,5132,0,0
BRDA:855,5132,1,0
BRDA:855,5132,2,0
BRDA:855,5133,0,0
BRDA:855,5133,1,0
BRDA:855,5134,0,0
BRDA:855,5134,1,0
BRDA:855,5135,0,0
BRDA:855,5135,1,0
BRDA:855,5136,0,0
BRDA:855,5136,1,0
BRDA:855,5136,2,0
BRDA:855,5137,0,0
BRDA:855,5137,1,0
BRDA:855,5137,2,0
BRDA:855,5138,0,0
BRDA:855,5138,1,0
BRDA:855,5139,0,0
BRDA:855,5139,1,0
BRDA:855,5139,2,0
BRDA:856,5140,0,0
BRDA:856,5140,1,0
BRDA:856,5141,0,0
BRDA:856,5141,1,0
BRDA:856,5142,0,0
BRDA:856,5142,1,0
BRDA:856,5143,0,0
BRDA:856,5143,1,0
BRDA:856,5144,0,0
BRDA:856,5144,1,0
BRDA:856,5145,0,0
BRDA:856,5145,1,0
BRDA:856,5145,2,0
BRDA:856,5146,0,0
BRDA:856,5146,1,0
BRDA:856,5146,2,0
BRDA:856,5146,3,0
BRDA:856,5146,4,0
BRDA:856,5146,5,0
BRDA:857,5147,0,0
BRDA:857,5147,1,0
BRDA:857,5148,0,0
BRDA:857,5148,1,0
BRDA:857,5149,0,0
BRDA:857,5149,1,0
BRDA:857,5150,0,0
BRDA:857,5150,1,0
BRDA:857,5151,0,0
BRDA:857,5151,1,0
BRDA:857,5152,0,0
BRDA:857,5152,1,0
BRDA:857,5153,0,0
BRDA:857,5153,1,0
BRDA:858,5154,0,0
BRDA:858,5154,1,0
BRDA:858,5155,0,0
BRDA:858,5155,1,0
BRDA:858,5156,0,0
BRDA:858,5156,1,0
BRDA:858,5157,0,0
BRDA:858,5157,1,0
BRDA:858,5158,0,0
BRDA:858,5158,1,0
BRDA:858,5159,0,0
BRDA:858,5159,1,0
BRDA:859,5160,0,0
BRDA:859,5160,1,0
BRDA:859,5161,0,0
BRDA:859,5161,1,0
BRDA:859,5162,0,0
BRDA:859,5162,1,0
BRDA:859,5163,0,0
BRDA:859,5163,1,0
BRDA:859,5164,0,0
BRDA:859,5164,1,0
BRDA:859,5165,0,0
BRDA:859,5165,1,0
BRDA:859,5166,0,0
BRDA:859,5166,1,0
BRDA:860,5167,0,0
BRDA:860,5167,1,0
BRDA:860,5168,0,0
BRDA:860,5168,1,0
BRDA:860,5169,0,0
BRDA:860,5169,1,0
BRDA:860,5170,0,0
BRDA:860,5170,1,0
BRDA:860,5171,0,0
BRDA:860,5171,1,0
BRDA:860,5172,0,0
BRDA:860,5172,1,0
BRDA:860,5173,0,0
BRDA:860,5173,1,0
BRDA:861,5174,0,0
BRDA:861,5174,1,0
BRDA:861,5175,0,0
BRDA:861,5175,1,0
BRDA:861,5175,2,0
BRDA:861,5175,3,0
BRDA:861,5175,4,0
BRDA:861,5175,5,0
BRDA:861,5175,6,0
BRDA:861,5175,7,0
BRDA:861,5176,0,0
BRDA:861,5176,1,0
BRDA:861,5177,0,0
BRDA:861,5177,1,0
BRDA:862,5178,0,0
BRDA:862,5178,1,0
BRDA:862,5179,0,0
BRDA:862,5179,1,0
BRDA:862,5179,2,0
BRDA:862,5179,3,0
BRDA:862,5179,4,0
BRDA:862,5179,5,0
BRDA:862,5179,6,0
BRDA:862,5179,7,0
BRDA:862,5180,0,0
BRDA:862,5180,1,0
BRDA:862,5181,0,0
BRDA:862,5181,1,0
BRDA:862,5181,2,0
BRDA:862,5181,3,0
BRDA:863,5182,0,0
BRDA:863,5182,1,0
BRDA:863,5183,0,0
BRDA:863,5183,1,0
BRDA:863,5184,0,0
BRDA:863,5184,1,0
BRDA:864,5185,0,0
BRDA:864,5185,1,0
BRDA:864,5186,0,0
BRDA:864,5186,1,0
BRDA:865,5187,0,0
BRDA:865,5187,1,0
BRDA:865,5188,0,0
BRDA:865,5188,1,0
BRDA:865,5188,2,0
BRDA:865,5189,0,0
BRDA:865,5189,1,0
BRDA:865,5189,2,0
BRDA:865,5189,3,0
BRDA:866,5190,0,0
BRDA:866,5190,1,0
BRDA:866,5191,0,0
BRDA:866,5191,1,0
BRDA:866,5191,2,0
BRDA:866,5191,3,0
BRDA:866,5191,4,0
BRDA:866,5191,5,0
BRDA:866,5191,6,0
BRDA:866,5191,7,0
BRDA:866,5191,8,0
BRDA:866,5191,9,0
BRDA:866,5191,10,0
BRDA:866,5192,0,0
BRDA:866,5192,1,0
BRDA:866,5193,0,0
BRDA:866,5193,1,0
BRDA:866,5194,0,0
BRDA:866,5194,1,0
BRDA:867,5195,0,0
BRDA:867,5195,1,0
BRDA:867,5196,0,0
BRDA:867,5196,1,0
BRDA:867,5197,0,0
BRDA:867,5197,1,0
BRDA:867,5198,0,0
BRDA:867,5198,1,0
BRDA:867,5199,0,0
BRDA:867,5199,1,0
BRDA:867,5199,2,0
BRDA:867,5199,3,0
BRDA:867,5199,4,0
BRDA:867,5199,5,0
BRDA:867,5199,6,0
BRDA:867,5199,7,0
BRDA:867,5199,8,0
BRDA:868,5200,0,0
BRDA:868,5200,1,0
BRDA:868,5201,0,0
BRDA:868,5201,1,0
BRDA:868,5202,0,0
BRDA:868,5202,1,0
BRDA:868,5203,0,0
BRDA:868,5203,1,0
BRDA:868,5204,0,0
BRDA:868,5204,1,0
BRDA:868,5205,0,0
BRDA:868,5205,1,0
BRDA:869,5206,0,0
BRDA:869,5206,1,0
BRDA:869,5207,0,0
BRDA:869,5207,1,0
BRDA:870,5208,0,0
BRDA:870,5208,1,0
BRDA:870,5209,0,0
BRDA:870,5209,1,0
BRDA:871,5210,0,0
BRDA:871,5210,1,0
BRDA:872,5211,0,0
BRDA:872,5211,1,0
BRDA:872,5212,0,0
BRDA:872,5212,1,0
BRDA:872,5213,0,0
BRDA:872,5213,1,0
BRDA:872,5214,0,0
BRDA:872,5214,1,0
BRDA:873,5215,0,0
BRDA:873,5215,1,0
BRDA:873,5216,0,0
BRDA:873,5216,1,0
BRDA:873,5216,2,0
BRDA:873,5216,3,0
BRDA:873,5217,0,0
BRDA:873,5217,1,0
BRDA:873,5218,0,0
BRDA:873,5218,1,0
BRDA:873,5219,0,0
BRDA:873,5219,1,0
BRDA:873,5220,0,0
BRDA:873,5220,1,0
BRDA:873,5220,2,0
BRDA:873,5220,3,0
BRDA:873,5221,0,0
BRDA:873,5221,1,0
BRDA:873,5222,0,0
BRDA:873,5222,1,0
BRDA:873,5223,0,0
BRDA:873,5223,1,0
BRDA:874,5224,0,0
BRDA:874,5224,1,0
BRDA:874,5224,2,0
BRDA:874,5225,0,0
BRDA:874,5225,1,0
BRDA:874,5226,0,0
BRDA:874,5226,1,0
BRDA:874,5226,2,0
BRDA:874,5226,3,0
BRDA:874,5227,0,0
BRDA:874,5227,1,0
BRDA:874,5228,0,0
BRDA:874,5228,1,0
BRDA:874,5228,2,0
BRDA:874,5228,3,0
BRDA:874,5228,4,0
BRDA:874,5228,5,0
BRDA:874,5228,6,0
BRDA:874,5228,7,0
BRDA:874,5228,8,0
BRDA:874,5228,9,0
BRDA:874,5228,10,0
BRDA:874,5228,11,0
BRDA:874,5228,12,0
BRDA:874,5228,13,0
BRDA:874,5228,14,0
BRDA:874,5228,15,0
BRDA:875,5229,0,0
BRDA:875,5229,1,0
BRDA:875,5229,2,0
BRDA:875,5230,0,0
BRDA:875,5230,1,0
BRDA:875,5231,0,0
BRDA:875,5231,1,0
BRDA:875,5232,0,0
BRDA:875,5232,1,0
BRDA:875,5233,0,0
BRDA:875,5233,1,0
BRDA:875,5234,0,0
BRDA:875,5234,1,0
BRDA:875,5235,0,0
BRDA:875,5235,1,0
BRDA:875,5236,0,0
BRDA:875,5236,1,0
BRDA:876,5237,0,0
BRDA:876,5237,1,0
BRDA:876,5238,0,0
BRDA:876,5238,1,0
BRDA:876,5238,2,0
BRDA:876,5239,0,0
BRDA:876,5239,1,0
BRDA:876,5240,0,0
BRDA:876,5240,1,0
BRDA:876,5241,0,0
BRDA:876,5241,1,0
BRDA:876,5242,0,0
BRDA:876,5242,1,0
BRDA:876,5243,0,0
BRDA:876,5243,1,0
BRDA:876,5244,0,0
BRDA:876,5244,1,0
BRDA:876,5245,0,0
BRDA:876,5245,1,0
BRDA:876,5246,0,0
BRDA:876,5246,1,0
BRDA:876,5247,0,0
BRDA:876,5247,1,0
BRDA:876,5247,2,0
BRDA:876,5247,3,0
BRDA:876,5247,4,0
BRDA:877,5248,0,0
BRDA:877,5248,1,0
BRDA:877,5248,2,0
BRDA:877,5249,0,0
BRDA:877,5249,1,0
BRDA:877,5250,0,0
BRDA:877,5250,1,0
BRDA:877,5251,0,0
BRDA:877,5251,1,0
BRDA:877,5252,0,0
BRDA:877,5252,1,0
BRDA:877,5253,0,0
BRDA:877,5253,1,0
BRDA:877,5254,0,0
BRDA:877,5254,1,0
BRDA:877,5255,0,0
BRDA:877,5255,1,0
BRDA:877,5256,0,0
BRDA:877,5256,1,0
BRDA:877,5257,0,0
BRDA:877,5257,1,0
BRDA:877,5258,0,0
BRDA:877,5258,1,0
BRDA:877,5258,2,0
BRDA:878,5259,0,0
BRDA:878,5259,1,0
BRDA:878,5260,0,0
BRDA:878,5260,1,0
BRDA:878,5261,0,0
BRDA:878,5261,1,0
BRDA:878,5262,0,0
BRDA:878,5262,1,0
BRDA:878,5263,0,0
BRDA:878,5263,1,0
BRDA:878,5264,0,0
BRDA:878,5264,1,0
BRDA:878,5265,0,0
BRDA:878,5265,1,0
BRDA:878,5266,0,0
BRDA:878,5266,1,0
BRDA:878,5267,0,0
BRDA:878,5267,1,0
BRDA:878,5267,2,0
BRDA:879,5268,0,0
BRDA:879,5268,1,0
BRDA:879,5269,0,0
BRDA:879,5269,1,0
BRDA:879,5270,0,0
BRDA:879,5270,1,0
BRDA:879,5271,0,0
BRDA:879,5271,1,0
BRDA:879,5272,0,0
BRDA:879,5272,1,0
BRDA:879,5273,0,0
BRDA:879,5273,1,0
BRDA:879,5274,0,0
BRDA:879,5274,1,0
BRDA:880,5275,0,0
BRDA:880,5275,1,0
BRDA:880,5276,0,0
BRDA:880,5276,1,0
BRDA:880,5277,0,0
BRDA:880,5277,1,0
BRDA:880,5278,0,0
BRDA:880,5278,1,0
BRDA:880,5279,0,0
BRDA:880,5279,1,0
BRDA:880,5280,0,0
BRDA:880,5280,1,0
BRDA:880,5281,0,0
BRDA:880,5281,1,0
BRDA:880,5281,2,0
BRDA:880,5282,0,0
BRDA:880,5282,1,0
BRDA:880,5283,0,0
BRDA:880,5283,1,0
BRDA:880,5283,2,0
BRDA:880,5283,3,0
BRDA:880,5283,4,0
BRDA:880,5283,5,0
BRDA:880,5283,6,0
BRDA:880,5283,7,0
BRDA:880,5283,8,0
BRDA:880,5283,9,0
BRDA:880,5283,10,0
BRDA:880,5283,11,0
BRDA:880,5283,12,0
BRDA:880,5283,13,0
BRDA:880,5283,14,0
BRDA:880,5283,15,0
BRDA:881,5284,0,0
BRDA:881,5284,1,0
BRDA:881,5285,0,0
BRDA:881,5285,1,0
BRDA:881,5286,0,0
BRDA:881,5286,1,0
BRDA:881,5287,0,0
BRDA:881,5287,1,0
BRDA:881,5288,0,0
BRDA:881,5288,1,0
BRDA:881,5289,0,0
BRDA:881,5289,1,0
BRDA:881,5290,0,0
BRDA:881,5290,1,0
BRDA:881,5291,0,0
BRDA:881,5291,1,0
BRDA:882,5292,0,0
BRDA:882,5292,1,0
BRDA:882,5293,0,0
BRDA:882,5293,1,0
BRDA:882,5294,0,0
BRDA:882,5294,1,0
BRDA:882,5295,0,0
BRDA:882,5295,1,0
BRDA:882,5296,0,0
BRDA:882,5296,1,0
BRDA:882,5297,0,0
BRDA:882,5297,1,0
BRDA:882,5298,0,0
BRDA:882,5298,1,0
BRDA:882,5298,2,0
BRDA:882,5298,3,0
BRDA:882,5299,0,0
BRDA:882,5299,1,0
BRDA:882,5300,0,0
BRDA:882,5300,1,0
BRDA:882,5301,0,0
BRDA:882,5301,1,0
BRDA:882,5302,0,0
BRDA:882,5302,1,0
BRDA:882,5303,0,0
BRDA:882,5303,1,0
BRDA:883,5304,0,0
BRDA:883,5304,1,0
BRDA:883,5305,0,0
BRDA:883,5305,1,0
BRDA:883,5306,0,0
BRDA:883,5306,1,0
BRDA:883,5307,0,0
BRDA:883,5307,1,0
BRDA:883,5307,2,0
BRDA:883,5307,3,0
BRDA:883,5307,4,0
BRDA:883,5308,0,0
BRDA:883,5308,1,0
BRDA:883,5309,0,0
BRDA:883,5309,1,0
BRDA:883,5310,0,0
BRDA:883,5310,1,0
BRDA:883,5311,0,0
BRDA:883,5311,1,0
BRDA:883,5312,0,0
BRDA:883,5312,1,0
BRDA:883,5313,0,0
BRDA:883,5313,1,0
BRDA:884,5314,0,0
BRDA:884,5314,1,0
BRDA:884,5315,0,0
BRDA:884,5315,1,0
BRDA:884,5316,0,0
BRDA:884,5316,1,0
BRDA:884,5317,0,0
BRDA:884,5317,1,0
BRDA:884,5318,0,0
BRDA:884,5318,1,0
BRDA:884,5319,0,0
BRDA:884,5319,1,0
BRDA:884,5320,0,0
BRDA:884,5320,1,0
BRDA:884,5321,0,0
BRDA:884,5321,1,0
BRDA:884,5322,0,0
BRDA:884,5322,1,0
BRDA:884,5323,0,0
BRDA:884,5323,1,0
BRDA:884,5324,0,0
BRDA:884,5324,1,0
BRDA:885,5325,0,0
BRDA:885,5325,1,0
BRDA:885,5326,0,0
BRDA:885,5326,1,0
BRDA:885,5327,0,0
BRDA:885,5327,1,0
BRDA:885,5328,0,0
BRDA:885,5328,1,0
BRDA:886,5329,0,0
BRDA:886,5329,1,0
BRDA:886,5330,0,0
BRDA:886,5330,1,0
BRDA:886,5331,0,0
BRDA:886,5331,1,0
BRDA:887,5332,0,0
BRDA:887,5332,1,0
BRDA:887,5333,0,0
BRDA:887,5333,1,0
BRDA:887,5333,2,0
BRDA:887,5334,0,0
BRDA:887,5334,1,0
BRDA:887,5335,0,0
BRDA:887,5335,1,0
BRDA:888,5336,0,0
BRDA:888,5336,1,0
BRDA:888,5337,0,0
BRDA:888,5337,1,0
BRDA:888,5337,2,0
BRDA:888,5338,0,0
BRDA:888,5338,1,0
BRDA:888,5339,0,0
BRDA:888,5339,1,0
BRDA:888,5339,2,0
BRDA:888,5339,3,0
BRDA:888,5339,4,0
BRDA:888,5340,0,0
BRDA:888,5340,1,0
BRDA:888,5340,2,0
BRDA:888,5340,3,0
BRDA:888,5340,4,0
BRDA:888,5341,0,0
BRDA:888,5341,1,0
BRDA:888,5342,0,0
BRDA:888,5342,1,0
BRDA:888,5343,0,0
BRDA:888,5343,1,0
BRDA:888,5343,2,0
BRDA:888,5343,3,0
BRDA:889,5344,0,0
BRDA:889,5344,1,0
BRDA:889,5345,0,0
BRDA:889,5345,1,0
BRDA:889,5346,0,0
BRDA:889,5346,1,0
BRDA:889,5347,0,0
BRDA:889,5347,1,0
BRDA:889,5348,0,0
BRDA:889,5348,1,0
BRDA:890,5349,0,0
BRDA:890,5349,1,0
BRDA:890,5350,0,0
BRDA:890,5350,1,0
BRDA:890,5351,0,0
BRDA:890,5351,1,0
BRDA:890,5352,0,0
BRDA:890,5352,1,0
BRDA:890,5353,0,0
BRDA:890,5353,1,0
BRDA:890,5354,0,0
BRDA:890,5354,1,0
BRDA:891,5355,0,0
BRDA:891,5355,1,0
BRDA:891,5356,0,0
BRDA:891,5356,1,0
BRDA:891,5357,0,0
BRDA:891,5357,1,0
BRDA:891,5358,0,0
BRDA:891,5358,1,0
BRDA:891,5359,0,0
BRDA:891,5359,1,0
BRDA:891,5360,0,0
BRDA:891,5360,1,0
BRDA:892,5361,0,0
BRDA:892,5361,1,0
BRDA:892,5362,0,0
BRDA:892,5362,1,0
BRDA:892,5363,0,0
BRDA:892,5363,1,0
BRDA:892,5364,0,0
BRDA:892,5364,1,0
BRDA:892,5365,0,0
BRDA:892,5365,1,0
BRDA:892,5366,0,0
BRDA:892,5366,1,0
BRDA:893,5367,0,0
BRDA:893,5367,1,0
BRDA:893,5368,0,0
BRDA:893,5368,1,0
BRDA:893,5369,0,0
BRDA:893,5369,1,0
BRDA:893,5370,0,0
BRDA:893,5370,1,0
BRDA:893,5371,0,0
BRDA:893,5371,1,0
BRDA:893,5371,2,0
BRDA:893,5371,3,0
BRDA:893,5372,0,0
BRDA:893,5372,1,0
BRDA:893,5373,0,0
BRDA:893,5373,1,0
BRDA:893,5373,2,0
BRDA:893,5373,3,0
BRDA:894,5374,0,0
BRDA:894,5374,1,0
BRDA:894,5375,0,0
BRDA:894,5375,1,0
BRDA:894,5376,0,0
BRDA:894,5376,1,0
BRDA:894,5377,0,0
BRDA:894,5377,1,0
BRDA:894,5377,2,0
BRDA:894,5377,3,0
BRDA:894,5377,4,0
BRDA:894,5377,5,0
BRDA:894,5377,6,0
BRDA:894,5377,7,0
BRDA:895,5378,0,0
BRDA:895,5378,1,0
BRDA:895,5379,0,0
BRDA:895,5379,1,0
BRDA:895,5379,2,0
BRDA:895,5379,3,0
BRDA:895,5380,0,0
BRDA:895,5380,1,0
BRDA:896,5381,0,0
BRDA:896,5381,1,0
BRDA:896,5382,0,0
BRDA:896,5382,1,0
BRDA:896,5383,0,0
BRDA:896,5383,1,0
BRDA:896,5384,0,0
BRDA:896,5384,1,0
BRDA:897,5385,0,0
BRDA:897,5385,1,0
BRDA:897,5386,0,0
BRDA:897,5386,1,0
BRDA:897,5387,0,0
BRDA:897,5387,1,0
BRDA:898,5388,0,0
BRDA:898,5388,1,0
BRDA:898,5389,0,0
BRDA:898,5389,1,0
BRDA:898,5390,0,0
BRDA:898,5390,1,0
BRDA:898,5391,0,0
BRDA:898,5391,1,0
BRDA:898,5392,0,0
BRDA:898,5392,1,0
BRDA:899,5393,0,0
BRDA:899,5393,1,0
BRDA:900,5394,0,0
BRDA:900,5394,1,0
BRDA:901,5395,0,0
BRDA:901,5395,1,0
BRDA:901,5396,0,0
BRDA:901,5396,1,0
BRDA:901,5397,0,0
BRDA:901,5397,1,0
BRDA:901,5398,0,0
BRDA:901,5398,1,0
BRDA:901,5399,0,0
BRDA:901,5399,1,0
BRDA:901,5400,0,0
BRDA:901,5400,1,0
BRDA:902,5401,0,0
BRDA:902,5401,1,0
BRDA:902,5402,0,0
BRDA:902,5402,1,0
BRDA:902,5403,0,0
BRDA:902,5403,1,0
BRDA:902,5403,2,0
BRDA:902,5403,3,0
BRDA:902,5404,0,0
BRDA:902,5404,1,0
BRDA:902,5405,0,0
BRDA:902,5405,1,0
BRDA:902,5405,2,0
BRDA:902,5406,0,0
BRDA:902,5406,1,0
BRDA:902,5406,2,0
BRDA:902,5406,3,0
BRDA:903,5407,0,0
BRDA:903,5407,1,0
BRDA:903,5407,2,0
BRDA:903,5407,3,0
BRDA:903,5408,0,0
BRDA:903,5408,1,0
BRDA:903,5409,0,0
BRDA:903,5409,1,0
BRDA:903,5410,0,0
BRDA:903,5410,1,0
BRDA:903,5411,0,0
BRDA:903,5411,1,0
BRDA:903,5412,0,0
BRDA:903,5412,1,0
BRDA:903,5412,2,0
BRDA:904,5413,0,0
BRDA:904,5413,1,0
BRDA:904,5414,0,0
BRDA:904,5414,1,0
BRDA:904,5415,0,0
BRDA:904,5415,1,0
BRDA:904,5416,0,0
BRDA:904,5416,1,0
BRDA:904,5417,0,0
BRDA:904,5417,1,0
BRDA:905,5418,0,0
BRDA:905,5418,1,0
BRDA:905,5419,0,0
BRDA:905,5419,1,0
BRDA:905,5420,0,0
BRDA:905,5420,1,0
BRDA:905,5421,0,0
BRDA:905,5421,1,0
BRDA:906,5422,0,0
BRDA:906,5422,1,0
BRDA:907,5423,0,0
BRDA:907,5423,1,0
BRDA:907,5424,0,0
BRDA:907,5424,1,0
BRDA:907,5425,0,0
BRDA:907,5425,1,0
BRDA:907,5426,0,0
BRDA:907,5426,1,0
BRDA:907,5427,0,0
BRDA:907,5427,1,0
BRDA:907,5428,0,0
BRDA:907,5428,1,0
BRDA:907,5429,0,0
BRDA:907,5429,1,0
BRDA:907,5430,0,0
BRDA:907,5430,1,0
BRDA:907,5431,0,0
BRDA:907,5431,1,0
BRDA:907,5432,0,0
BRDA:907,5432,1,0
BRDA:907,5433,0,0
BRDA:907,5433,1,0
BRDA:907,5434,0,0
BRDA:907,5434,1,0
BRDA:907,5435,0,0
BRDA:907,5435,1,0
BRDA:908,5436,0,0
BRDA:908,5436,1,0
BRDA:908,5437,0,0
BRDA:908,5437,1,0
BRDA:908,5438,0,0
BRDA:908,5438,1,0
BRDA:908,5439,0,0
BRDA:908,5439,1,0
BRDA:908,5440,0,0
BRDA:908,5440,1,0
BRDA:909,5441,0,35
BRDA:909,5441,1,0
BRDA:909,5441,2,0
BRDA:909,5441,3,0
BRDA:917,5442,0,35
BRDA:917,5442,1,0
BRDA:917,5443,0,0
BRDA:917,5443,1,0
BRDA:917,5444,0,0
BRDA:917,5444,1,0
BRDA:917,5445,0,0
BRDA:917,5445,1,0
BRDA:918,5446,0,0
BRDA:918,5446,1,0
BRDA:918,5447,0,0
BRDA:918,5447,1,0
BRDA:919,5448,0,0
BRDA:919,5448,1,0
BRDA:920,5449,0,0
BRDA:920,5449,1,0
BRDA:920,5450,0,0
BRDA:920,5450,1,0
BRDA:920,5451,0,0
BRDA:920,5451,1,0
BRDA:920,5452,0,0
BRDA:920,5452,1,0
BRDA:920,5453,0,0
BRDA:920,5453,1,0
BRDA:921,5454,0,0
BRDA:921,5454,1,0
BRDA:921,5455,0,0
BRDA:921,5455,1,0
BRDA:921,5456,0,0
BRDA:921,5456,1,0
BRDA:921,5457,0,0
BRDA:921,5457,1,0
BRDA:921,5458,0,0
BRDA:921,5458,1,0
BRDA:921,5459,0,0
BRDA:921,5459,1,0
BRDA:921,5460,0,0
BRDA:921,5460,1,0
BRDA:921,5461,0,0
BRDA:921,5461,1,0
BRDA:921,5462,0,0
BRDA:921,5462,1,0
BRDA:921,5463,0,0
BRDA:921,5463,1,0
BRDA:922,5464,0,0
BRDA:922,5464,1,0
BRDA:923,5465,0,0
BRDA:923,5465,1,0
BRDA:924,5466,0,0
BRDA:924,5466,1,0
BRDA:924,5467,0,0
BRDA:924,5467,1,0
BRDA:924,5468,0,0
BRDA:924,5468,1,0
BRDA:924,5469,0,0
BRDA:924,5469,1,0
BRDA:924,5470,0,0
BRDA:924,5470,1,0
BRDA:925,5471,0,0
BRDA:925,5471,1,0
BRDA:926,5472,0,0
BRDA:926,5472,1,0
BRDA:926,5472,2,0
BRDA:926,5473,0,0
BRDA:926,5473,1,0
BRDA:926,5473,2,0
BRDA:926,5473,3,0
BRDA:926,5473,4,0
BRDA:926,5473,5,0
BRDA:926,5473,6,0
BRDA:926,5474,0,0
BRDA:926,5474,1,0
BRDA:927,5475,0,0
BRDA:927,5475,1,0
BRDA:927,5476,0,0
BRDA:927,5476,1,0
BRDA:927,5476,2,0
BRDA:927,5477,0,0
BRDA:927,5477,1,0
BRDA:927,5478,0,0
BRDA:927,5478,1,0
BRDA:927,5478,2,0
BRDA:927,5478,3,0
BRDA:927,5478,4,0
BRDA:927,5478,5,0
BRDA:927,5478,6,0
BRDA:928,5479,0,0
BRDA:928,5479,1,0
BRDA:928,5480,0,0
BRDA:928,5480,1,0
BRDA:929,5481,0,0
BRDA:929,5481,1,0
BRDA:929,5482,0,0
BRDA:929,5482,1,0
BRDA:929,5483,0,0
BRDA:929,5483,1,0
BRDA:929,5484,0,0
BRDA:929,5484,1,0
BRDA:935,5485,0,0
BRDA:935,5485,1,0
BRDA:936,5486,0,0
BRDA:936,5486,1,0
BRDA:936,5487,0,0
BRDA:936,5487,1,0
BRDA:936,5487,2,0
BRDA:939,5488,0,0
BRDA:939,5488,1,0
BRDA:939,5489,0,0
BRDA:939,5489,1,0
BRDA:939,5490,0,0
BRDA:939,5490,1,0
BRDA:940,5491,0,0
BRDA:940,5491,1,0
BRDA:940,5492,0,0
BRDA:940,5492,1,0
BRDA:940,5492,2,0
BRDA:940,5492,3,0
BRDA:942,5493,0,0
BRDA:942,5493,1,0
BRDA:942,5493,2,0
BRDA:942,5493,3,0
BRDA:942,5493,4,0
BRDA:942,5493,5,0
BRDA:943,5494,0,0
BRDA:943,5494,1,0
BRDA:943,5495,0,0
BRDA:943,5495,1,0
BRDA:943,5496,0,0
BRDA:943,5496,1,0
BRDA:943,5497,0,0
BRDA:943,5497,1,0
BRDA:943,5498,0,0
BRDA:943,5498,1,0
BRDA:943,5499,0,0
BRDA:943,5499,1,0
BRDA:943,5500,0,0
BRDA:943,5500,1,0
BRDA:943,5501,0,0
BRDA:943,5501,1,0
BRDA:943,5502,0,0
BRDA:943,5502,1,0
BRDA:943,5503,0,0
BRDA:943,5503,1,0
BRDA:944,5504,0,0
BRDA:944,5504,1,0
BRDA:945,5505,0,0
BRDA:945,5505,1,0
BRDA:945,5506,0,0
BRDA:945,5506,1,0
BRDA:945,5507,0,0
BRDA:945,5507,1,0
BRDA:945,5508,0,0
BRDA:945,5508,1,0
BRDA:945,5509,0,0
BRDA:945,5509,1,0
BRDA:945,5510,0,0
BRDA:945,5510,1,0
BRDA:946,5511,0,0
BRDA:946,5511,1,0
BRDA:946,5512,0,0
BRDA:946,5512,1,0
BRDA:946,5513,0,0
BRDA:946,5513,1,0
BRDA:946,5514,0,0
BRDA:946,5514,1,0
BRDA:946,5515,0,0
BRDA:946,5515,1,0
BRDA:946,5516,0,0
BRDA:946,5516,1,0
BRDA:946,5516,2,0
BRDA:946,5516,3,0
BRDA:946,5516,4,0
BRDA:946,5516,5,0
BRDA:946,5517,0,0
BRDA:946,5517,1,0
BRDA:946,5518,0,0
BRDA:946,5518,1,0
BRDA:947,5519,0,0
BRDA:947,5519,1,0
BRDA:947,5519,2,0
BRDA:947,5519,3,0
BRDA:947,5519,4,0
BRDA:947,5519,5,0
BRDA:947,5519,6,0
BRDA:947,5519,7,0
BRDA:947,5520,0,0
BRDA:947,5520,1,0
BRDA:947,5521,0,0
BRDA:947,5521,1,0
BRDA:949,5522,0,0
BRDA:949,5522,1,0
BRF:12434
BRH:39
end_of_record
TN:
SF:src\css\canvasjs.react.js
FN:16,(anonymous_0)
FN:23,(anonymous_1)
FN:31,(anonymous_2)
FN:35,(anonymous_3)
FN:40,(anonymous_4)
FN:46,(anonymous_5)
FNF:6
FNH:0
FNDA:0,(anonymous_0)
FNDA:0,(anonymous_1)
FNDA:0,(anonymous_2)
FNDA:0,(anonymous_3)
FNDA:0,(anonymous_4)
FNDA:0,(anonymous_5)
DA:10,35
DA:11,35
DA:12,35
DA:15,35
DA:17,0
DA:18,0
DA:19,0
DA:20,0
DA:21,0
DA:25,0
DA:26,0
DA:28,0
DA:29,0
DA:33,0
DA:37,0
DA:38,0
DA:42,0
DA:43,0
DA:44,0
DA:48,0
DA:52,35
LF:21
LH:5
BRDA:12,0,0,35
BRDA:12,0,1,0
BRDA:18,1,0,0
BRDA:18,1,1,0
BRDA:19,2,0,0
BRDA:19,2,1,0
BRDA:20,3,0,0
BRDA:20,3,1,0
BRDA:20,4,0,0
BRDA:20,4,1,0
BRDA:20,5,0,0
BRDA:20,5,1,0
BRDA:28,6,0,0
BRDA:28,6,1,0
BRDA:43,7,0,0
BRDA:43,7,1,0
BRF:16
BRH:1
end_of_record
